  FLOW SAMPLED FROM TIME   9.97621874E-10  TO TIME   4.76837158E-07
  COLLISIONS:-
    32090382
  TOTAL NUMBER OF SAMPLES     39990020
           0  MOLECULES
   503639868.00000000       TOTAL MOLECULAR MOVES
    28815359  SELECTIONS     16045191  COLLISION EVENTS, RATIO    0.55682772    
  MEAN COLLISION SEPARATION   3.85034005E-10
  INNER SURFACE PROPERTIES 
  SAMPLE  FRACTION SPECIES 1,  SPECIES 2....
       353.0    1.000000
  NUM FLUX INC PRESS REFL PRESS SHEAR STR 
 0.32797E+30 0.10037E+08 0.21475E+08 0.80693E+06
  INC TR EN  REFL TR EN  INC ROT EN  REFL ROT EN NET HEAT FLUX  
 0.58869E+10-0.28213E+11 0.00000E+00 0.00000E+00-0.22326E+11
  OUTER SURFACE PROPERTIES 
  SAMPLE  FRACTION SPECIES 1,  SPECIES 2....
     27794.0    1.000000
  NUM FLUX INC PRESS REFL PRESS SHEAR STR 
 0.55573E+30 0.12003E+08 0.11511E+08-0.30162E+05
  INC TR EN  REFL TR EN  INC ROT EN  REFL ROT EN NET HEAT FLUX  
 0.50673E+10-0.45847E+10 0.00000E+00 0.00000E+00 0.48256E+09
 SAMPLES
  CELL     N SP 1    N SP 2     ETC 
      1    17591
      2    18241
      3    20220
      4    21909
      5    24055
      6    25375
      7    27645
      8    32566
      9    31583
     10    32832
     11    35138
     12    38246
     13    39931
     14    41341
     15    42418
     16    46783
     17    47408
     18    51088
     19    48971
     20    50319
     21    53752
     22    53188
     23    55478
     24    56607
     25    58863
     26    60715
     27    65582
     28    65993
     29    69427
     30    71699
     31    73809
     32    76944
     33    75285
     34    81267
     35    86372
     36    86902
     37    90788
     38    98270
     39    99405
     40   101395
     41   105854
     42   104683
     43   109547
     44   114469
     45   115800
     46   118020
     47   122918
     48   123667
     49   131806
     50   132366
     51   135058
     52   139794
     53   140722
     54   145960
     55   156432
     56   152414
     57   158393
     58   163522
     59   165682
     60   164930
     61   172550
     62   177601
     63   183253
     64   192834
     65   197618
     66   200064
     67   207860
     68   221209
     69   221166
     70   226926
     71   236006
     72   247268
     73   244674
     74   242569
     75   247219
     76   251140
     77   259434
     78   259321
     79   264141
     80   276597
     81   283105
     82   291711
     83   301326
     84   304273
     85   314112
     86   315226
     87   323754
     88   330533
     89   339174
     90   351216
     91   359729
     92   354934
     93   362631
     94   367817
     95   377921
     96   389753
     97   397969
     98   406154
     99   417509
    100   423967
    101   433951
    102   435924
    103   443316
    104   452191
    105   471593
    106   470999
    107   474996
    108   477859
    109   493603
    110   504624
    111   515063
    112   527823
    113   533383
    114   549078
    115   553951
    116   562755
    117   564114
    118   575747
    119   586816
    120   600784
    121   609552
    122   628372
    123   641194
    124   640285
    125   654640
    126   661473
    127   678016
    128   692741
    129   698687
    130   715549
    131   729407
    132   730474
    133   733713
    134   754766
    135   764038
    136   773597
    137   781685
    138   798186
    139   818814
    140   832826
    141   844135
    142   851425
    143   876328
    144   886049
    145   907044
    146   926813
    147   927828
    148   945072
    149   975053
    150   982590
    151  1000782
    152  1027427
    153  1027551
    154  1044398
    155  1051245
    156  1065456
    157  1063823
    158  1107168
    159  1136407
    160  1147810
    161  1165383
    162  1180700
    163  1195707
    164  1213348
    165  1226067
    166  1238007
    167  1285033
    168  1296306
    169  1320812
    170  1339910
    171  1347218
    172  1343736
    173  1387021
    174  1407107
    175  1431476
    176  1444852
    177  1456025
    178  1483861
    179  1498681
    180  1536975
    181  1562323
    182  1598514
    183  1637551
    184  1657314
    185  1676978
    186  1709955
    187  1756442
    188  1775392
    189  1841355
    190  1843201
    191  1870713
    192  1904770
    193  1939224
    194  2000291
    195  2017948
    196  2079177
    197  2100934
    198  2139161
    199  2199685
    200  2324393
  FLOWFIELD PROPERTIES
   CELL   X COORD     DENSITY   TR TEMP  ROT TEMP   OV TEMP      U         V           W   SHEAR STRESS    HEAT FLUX
     1    0.0000  1.4291E+01 1228.2016    0.0000 1228.2015   -0.0168   -4.7185   -1.0873  0.4949E+05  0.2577E+10
     2    0.0000  1.4005E+01 1144.0263    0.0000 1144.0262   -0.3437    0.0653   -0.0655 -0.9240E+04  0.2427E+10
     3    0.0000  1.4694E+01 1060.3682    0.0000 1060.3683    0.0437   -0.6945    0.6386 -0.1929E+05  0.2305E+10
     4    0.0000  1.5092E+01 1033.3485    0.0000 1033.3485    0.0620    0.6751    0.0487 -0.7082E+05  0.2189E+10
     5    0.0000  1.5729E+01  968.3234    0.0000  968.3234    0.3061    2.3196    1.4101 -0.2167E+05  0.2081E+10
     6    0.0000  1.5770E+01  956.5645    0.0000  956.5645   -0.0668    1.9794   -0.3653 -0.1191E+05  0.1970E+10
     7    0.0000  1.6351E+01  878.7464    0.0000  878.7463    0.4184   -0.3810   -4.4408  0.6526E+05  0.1867E+10
     8    0.0000  1.8353E+01  838.2514    0.0000  838.2514    0.3337   -1.8050   -1.1405  0.1117E+05  0.1780E+10
     9    0.0000  1.6979E+01  832.8176    0.0000  832.8176    0.5767   -3.3694    1.8003 -0.1214E+02  0.1686E+10
    10    0.0000  1.6855E+01  834.6735    0.0000  834.6735   -0.2653   -2.5668   -2.8264  0.1589E+05  0.1613E+10
    11    0.0000  1.7244E+01  850.1168    0.0000  850.1168    0.4673    2.3563    0.0557  0.4063E+05  0.1558E+10
    12    0.0000  1.7960E+01  774.9719    0.0000  774.9719    0.0696   -0.8048   -2.4715 -0.3051E+04  0.1467E+10
    13    0.0000  1.7960E+01  793.5114    0.0000  793.5114    0.0270    1.0484    1.3129 -0.1639E+05  0.1423E+10
    14    0.0000  1.7825E+01  778.1024    0.0000  778.1024    0.7736    1.1637    0.4770  0.1000E+05  0.1337E+10
    15    0.0000  1.7549E+01  779.5927    0.0000  779.5927   -0.0127   -0.8099    2.4524  0.6063E+04  0.1311E+10
    16    0.0000  1.8587E+01  738.6782    0.0000  738.6782    0.0399    0.1065    1.6255  0.2450E+04  0.1251E+10
    17    0.0000  1.8102E+01  755.8522    0.0000  755.8522    0.4093   -1.1658    1.5362  0.8806E+04  0.1192E+10
    18    0.0000  1.8763E+01  727.2952    0.0000  727.2952    0.2696   -0.6979   -1.6887  0.2356E+05  0.1155E+10
    19    0.0000  1.7311E+01  750.9143    0.0000  750.9143   -0.3262   -0.2360    1.0700  0.9685E+04  0.1132E+10
    20    0.0000  1.7134E+01  739.6502    0.0000  739.6502    0.4168   -1.4056    1.2372  0.5541E+04  0.1063E+10
    21    0.0000  1.7642E+01  752.6604    0.0000  752.6604   -0.0424    1.6071    1.8182  0.1432E+05  0.1032E+10
    22    0.0000  1.6838E+01  760.7891    0.0000  760.7891    0.6389    0.0992   -2.0494  0.6075E+04  0.9729E+09
    23    0.0000  1.6951E+01  742.9998    0.0000  742.9998    0.0841   -0.4051    0.1131  0.1605E+05  0.9583E+09
    24    0.0000  1.6703E+01  763.0481    0.0000  763.0482    0.1454   -0.7611    1.2926  0.2573E+05  0.9247E+09
    25    0.0000  1.6784E+01  748.4260    0.0000  748.4260    0.1046   -0.3320   -1.6816 -0.1422E+05  0.9030E+09
    26    0.0000  1.6739E+01  737.6394    0.0000  737.6393   -0.0911    0.7143    0.1813 -0.1118E+05  0.8705E+09
    27    0.0000  1.7491E+01  705.8694    0.0000  705.8694    0.1804   -1.3161   -2.1689  0.8643E+04  0.8317E+09
    28    0.0000  1.7037E+01  728.5072    0.0000  728.5072    0.5643    1.4088    2.5540 -0.8621E+04  0.7902E+09
    29    0.0000  1.7358E+01  723.4058    0.0000  723.4058    0.1054    0.6915    0.1479 -0.2025E+04  0.7889E+09
    30    0.0000  1.7369E+01  752.3849    0.0000  752.3849    0.4919   -1.4421    1.7363  0.3369E+05  0.7436E+09
    31    0.0000  1.7333E+01  733.5515    0.0000  733.5515   -0.1110    0.5723    1.3435  0.5686E+04  0.7472E+09
    32    0.0000  1.7525E+01  718.2437    0.0000  718.2437    0.4083    0.8302   -0.4386  0.1676E+05  0.6947E+09
    33    0.0000  1.6638E+01  741.5134    0.0000  741.5134    0.3741   -2.2657   -0.3032  0.1307E+04  0.6740E+09
    34    0.0000  1.7435E+01  740.0627    0.0000  740.0627    0.0487   -0.8854   -0.1455  0.1263E+04  0.6699E+09
    35    0.0000  1.7996E+01  721.0309    0.0000  721.0309    0.2908    0.6002   -0.8782 -0.6093E+04  0.6393E+09
    36    0.0000  1.7592E+01  725.9918    0.0000  725.9918    0.1489   -2.5172    0.1879  0.1005E+05  0.6334E+09
    37    0.0000  1.7864E+01  732.5722    0.0000  732.5721    0.2146    0.5357    2.6125  0.4963E+04  0.6055E+09
    38    0.0000  1.8802E+01  710.9626    0.0000  710.9626    0.1203   -0.3539   -0.8919 -0.1987E+04  0.5934E+09
    39    0.0000  1.8501E+01  713.9745    0.0000  713.9745    0.1753   -0.1879    2.0601 -0.8968E+04  0.5770E+09
    40    0.0000  1.8364E+01  719.6533    0.0000  719.6533    0.5019    0.6885    0.0354 -0.3738E+03  0.5482E+09
    41    0.0000  1.8663E+01  708.5199    0.0000  708.5198   -0.0742   -0.5995    0.9184 -0.1181E+05  0.5581E+09
    42    0.0000  1.7973E+01  716.8149    0.0000  716.8149    0.2421   -1.3336   -0.7118  0.9211E+03  0.5240E+09
    43    0.0000  1.8322E+01  715.0875    0.0000  715.0875    0.2158    1.1679   -0.7792  0.1422E+05  0.5078E+09
    44    0.0000  1.8657E+01  725.3390    0.0000  725.3390    0.1917    1.3895    1.9387  0.1025E+05  0.5101E+09
    45    0.0000  1.8399E+01  714.5295    0.0000  714.5295    0.2728    1.0671   -0.9585  0.7945E+03  0.4804E+09
    46    0.0000  1.8285E+01  686.9120    0.0000  686.9119    0.1580   -0.7099   -0.0401  0.1284E+05  0.4728E+09
    47    0.0000  1.8576E+01  694.6147    0.0000  694.6147    0.3580    0.3507   -0.7561  0.9680E+04  0.4486E+09
    48    0.0000  1.8235E+01  695.8826    0.0000  695.8826    0.2021   -0.8059    0.9078  0.5810E+04  0.4509E+09
    49    0.0000  1.8969E+01  690.5947    0.0000  690.5947    0.2416   -1.1670    0.1117  0.1653E+05  0.4283E+09
    50    0.0000  1.8598E+01  703.2774    0.0000  703.2774    0.5956   -2.3138    1.6251  0.1636E+04  0.3998E+09
    51    0.0000  1.8532E+01  704.9041    0.0000  704.9042    0.1781   -0.0583   -0.3569  0.1051E+05  0.4132E+09
    52    0.0000  1.8738E+01  684.5100    0.0000  684.5100    0.0634    1.3178    0.4534  0.4964E+04  0.4092E+09
    53    0.0000  1.8430E+01  692.6490    0.0000  692.6490    0.6490    0.9123    0.7195 -0.4374E+04  0.3644E+09
    54    0.0000  1.8684E+01  679.2949    0.0000  679.2949    0.1720   -0.2729    0.0637  0.1536E+05  0.3890E+09
    55    0.0000  1.9576E+01  666.1313    0.0000  666.1313    0.3739    1.3369   -1.3319 -0.5861E+04  0.3642E+09
    56    0.0000  1.8652E+01  677.9624    0.0000  677.9624    0.1781   -0.4295   -0.5515 -0.5892E+04  0.3662E+09
    57    0.0000  1.8959E+01  672.4212    0.0000  672.4212    0.5196   -0.8159   -0.3443  0.6161E+04  0.3320E+09
    58    0.0000  1.9149E+01  668.5320    0.0000  668.5320    0.2246   -0.4988   -0.2607  0.5254E+03  0.3428E+09
    59    0.0000  1.8987E+01  671.9901    0.0000  671.9901    0.3087    0.5530    0.2740 -0.2843E+04  0.3331E+09
    60    0.0000  1.8500E+01  679.7124    0.0000  679.7123    0.4218   -1.4546   -0.2072  0.1643E+04  0.3184E+09
    61    0.0000  1.8949E+01  667.0826    0.0000  667.0826    0.0301    0.8031    0.3449  0.4594E+04  0.3434E+09
    62    0.0000  1.9099E+01  653.3457    0.0000  653.3456    0.4134    1.0038   -1.1209 -0.1445E+05  0.3006E+09
    63    0.0000  1.9302E+01  668.5157    0.0000  668.5157    0.0813   -1.4475   -0.0938 -0.3650E+04  0.3158E+09
    64    0.0000  1.9898E+01  663.1155    0.0000  663.1155    0.3486   -0.9574   -1.2559 -0.1146E+04  0.2955E+09
    65    0.0000  1.9982E+01  660.5685    0.0000  660.5685    0.3530    0.3208   -0.7624 -0.2250E+04  0.2853E+09
    66    0.0000  1.9826E+01  665.2630    0.0000  665.2630    0.2106   -0.7701    0.8681 -0.3004E+04  0.2936E+09
    67    0.0000  2.0192E+01  647.1282    0.0000  647.1282    0.2539   -0.0023    1.0621  0.5724E+04  0.2817E+09
    68    0.0000  2.1069E+01  630.1757    0.0000  630.1757    0.2581   -0.1400    0.4381  0.9375E+04  0.2665E+09
    69    0.0000  2.0658E+01  639.6978    0.0000  639.6978    0.3743   -0.2702   -1.4338  0.3586E+04  0.2592E+09
    70    0.0000  2.0789E+01  636.1202    0.0000  636.1202    0.0845    0.2971   -0.7517  0.3258E+04  0.2675E+09
    71    0.0000  2.1211E+01  631.9883    0.0000  631.9883    0.3697   -0.5018   -0.5797  0.4912E+04  0.2519E+09
    72    0.0000  2.1805E+01  628.1505    0.0000  628.1505    0.1706    1.5400    0.1244 -0.5469E+04  0.2566E+09
    73    0.0000  2.1175E+01  636.5779    0.0000  636.5779    0.3250   -0.0692   -0.0876  0.2757E+03  0.2417E+09
    74    0.0000  2.0605E+01  646.4716    0.0000  646.4716    0.2541    0.4379   -0.6889  0.3568E+04  0.2347E+09
    75    0.0000  2.0616E+01  643.7827    0.0000  643.7827    0.4665   -0.5446    0.5134  0.4234E+04  0.2126E+09
    76    0.0000  2.0564E+01  646.8631    0.0000  646.8631    0.4201   -0.1026   -0.5874 -0.7088E+03  0.2182E+09
    77    0.0000  2.0862E+01  642.7248    0.0000  642.7248    0.2239    0.8684   -0.6267 -0.1693E+04  0.2254E+09
    78    0.0000  2.0481E+01  649.2216    0.0000  649.2216    0.3196   -0.1755   -0.0745  0.1543E+04  0.2137E+09
    79    0.0000  2.0494E+01  635.9473    0.0000  635.9473    0.2640    0.0062    0.3955 -0.2607E+04  0.2155E+09
    80    0.0000  2.1085E+01  627.8404    0.0000  627.8404    0.4149    0.1311    1.1435 -0.3329E+03  0.1903E+09
    81    0.0000  2.1207E+01  638.7538    0.0000  638.7538    0.1581    1.4919    2.3208 -0.3334E+04  0.2117E+09
    82    0.0000  2.1476E+01  623.1756    0.0000  623.1756    0.4427    1.3556    0.2706  0.3958E+04  0.1825E+09
    83    0.0000  2.1806E+01  615.7164    0.0000  615.7164    0.2934    0.4997   -0.7230  0.3152E+04  0.1933E+09
    84    0.0000  2.1648E+01  616.5463    0.0000  616.5463    0.2489    0.0069    0.8012  0.4104E+02  0.1907E+09
    85    0.0000  2.1973E+01  616.8242    0.0000  616.8242    0.4048   -0.8134   -0.3258  0.2992E+04  0.1727E+09
    86    0.0000  2.1685E+01  614.8509    0.0000  614.8510    0.2592    0.5091   -0.1359  0.2943E+02  0.1830E+09
    87    0.0000  2.1905E+01  606.3727    0.0000  606.3727    0.1873    0.2855   -0.1450  0.1324E+04  0.1888E+09
    88    0.0000  2.1998E+01  606.0163    0.0000  606.0164    0.3241   -0.2397    0.4819 -0.3095E+03  0.1700E+09
    89    0.0000  2.2207E+01  607.8808    0.0000  607.8807    0.3802    0.2286    0.3907 -0.9215E+03  0.1599E+09
    90    0.0000  2.2626E+01  602.0795    0.0000  602.0795    0.2322    0.0753   -0.6903  0.1976E+04  0.1701E+09
    91    0.0000  2.2804E+01  600.1732    0.0000  600.1732    0.3229   -0.5562   -0.0150  0.7052E+03  0.1622E+09
    92    0.0000  2.2144E+01  603.9978    0.0000  603.9978    0.3394    0.2768    0.0108 -0.7841E+04  0.1616E+09
    93    0.0000  2.2269E+01  599.5159    0.0000  599.5159    0.3545   -0.0256   -0.0714  0.4983E+04  0.1480E+09
    94    0.0000  2.2236E+01  599.1965    0.0000  599.1965    0.1724   -1.0310   -0.5837  0.3631E+04  0.1669E+09
    95    0.0000  2.2494E+01  601.7374    0.0000  601.7374    0.3401    0.6081    0.0208  0.4948E+03  0.1434E+09
    96    0.0000  2.2842E+01  601.2917    0.0000  601.2917    0.2894   -0.6271    0.2575  0.1043E+05  0.1471E+09
    97    0.0000  2.2969E+01  603.4937    0.0000  603.4937    0.2558    0.2423   -1.1772  0.4504E+04  0.1506E+09
    98    0.0000  2.3087E+01  597.1265    0.0000  597.1265    0.3270    0.0189    0.8739 -0.2220E+04  0.1330E+09
    99    0.0000  2.3376E+01  592.9563    0.0000  592.9564    0.2414    0.2312   -0.2277 -0.8173E+03  0.1443E+09
   100    0.0000  2.3385E+01  592.5326    0.0000  592.5326    0.3207    0.3217    0.1512 -0.1621E+04  0.1311E+09
   101    0.0000  2.3582E+01  587.4902    0.0000  587.4902    0.2227    0.1420   -0.3642 -0.2779E+04  0.1416E+09
   102    0.0000  2.3342E+01  589.3705    0.0000  589.3705    0.3469   -0.5606    1.0515  0.3534E+04  0.1211E+09
   103    0.0000  2.3392E+01  585.5258    0.0000  585.5258    0.1343   -1.1137    0.1117  0.4962E+04  0.1453E+09
   104    0.0000  2.3515E+01  579.0342    0.0000  579.0342    0.2037    0.4018    0.1538 -0.1199E+04  0.1363E+09
   105    0.0000  2.4172E+01  577.4557    0.0000  577.4557    0.3430   -0.6626   -0.0932 -0.8440E+04  0.1138E+09
   106    0.0000  2.3798E+01  576.9559    0.0000  576.9559    0.1512    0.2903   -0.0103  0.6745E+04  0.1323E+09
   107    0.0000  2.3660E+01  572.1827    0.0000  572.1827    0.3501    0.7557    0.1738 -0.5058E+03  0.1051E+09
   108    0.0000  2.3469E+01  572.6683    0.0000  572.6683    0.3298    0.8122   -0.1624  0.5966E+04  0.1076E+09
   109    0.0000  2.3904E+01  575.0221    0.0000  575.0221    0.2029    0.2393    1.1387  0.2024E+04  0.1191E+09
   110    0.0000  2.4099E+01  577.1538    0.0000  577.1537    0.3560   -0.2088   -0.9860  0.9717E+03  0.9927E+08
   111    0.0000  2.4259E+01  567.1344    0.0000  567.1344    0.2490    0.1021   -0.0935  0.8711E+03  0.1134E+09
   112    0.0000  2.4520E+01  563.9209    0.0000  563.9210    0.3167    0.4219    0.0948 -0.4097E+04  0.9599E+08
   113    0.0000  2.4443E+01  563.9181    0.0000  563.9181    0.2423    0.1713   -0.3723  0.2672E+03  0.1092E+09
   114    0.0000  2.4822E+01  556.0556    0.0000  556.0556    0.3080   -0.4032   -0.2879  0.1932E+04  0.9635E+08
   115    0.0000  2.4708E+01  553.0750    0.0000  553.0750    0.2942    0.4516    0.0524 -0.6617E+04  0.9524E+08
   116    0.0000  2.4766E+01  553.6800    0.0000  553.6801    0.2596   -0.0713    0.8117  0.9155E+04  0.9627E+08
   117    0.0000  2.4498E+01  553.4908    0.0000  553.4908    0.2505    0.0618   -0.4984 -0.6755E+04  0.9800E+08
   118    0.0000  2.4675E+01  546.5864    0.0000  546.5864    0.3736    0.0220   -0.8526 -0.9160E+04  0.8185E+08
   119    0.0000  2.4822E+01  546.4479    0.0000  546.4479    0.2922   -0.5370   -0.3610  0.3487E+04  0.8881E+08
   120    0.0000  2.5083E+01  539.9943    0.0000  539.9943    0.2071    0.0281   -0.1691  0.4451E+04  0.9397E+08
   121    0.0000  2.5122E+01  536.7661    0.0000  536.7661    0.3438   -0.0486   -0.8369 -0.1556E+04  0.7662E+08
   122    0.0000  2.5566E+01  534.2074    0.0000  534.2073    0.2689   -0.1480   -0.5445  0.4836E+03  0.8601E+08
   123    0.0000  2.5756E+01  532.2867    0.0000  532.2867    0.2249    0.6276   -0.1538  0.1444E+04  0.9319E+08
   124    0.0000  2.5395E+01  528.8583    0.0000  528.8583    0.3416    0.1232    0.5856 -0.6267E+04  0.6931E+08
   125    0.0000  2.5639E+01  528.3861    0.0000  528.3861    0.2734    0.2803   -0.8537  0.4775E+04  0.8166E+08
   126    0.0000  2.5583E+01  528.7252    0.0000  528.7252    0.1953   -0.1304    0.1662 -0.3822E+04  0.9178E+08
   127    0.0000  2.5898E+01  525.6247    0.0000  525.6247    0.3006   -0.2244   -0.1519 -0.1883E+04  0.7159E+08
   128    0.0000  2.6135E+01  520.6691    0.0000  520.6691    0.3010    0.2873    0.0332 -0.4956E+03  0.6829E+08
   129    0.0000  2.6036E+01  522.8892    0.0000  522.8892    0.2255   -0.3457   -0.2856 -0.1458E+04  0.8404E+08
   130    0.0000  2.6340E+01  514.5786    0.0000  514.5786    0.2775   -0.1266    0.2512  0.1059E+05  0.6897E+08
   131    0.0000  2.6526E+01  510.3148    0.0000  510.3148    0.2305    0.1941    0.4187 -0.3627E+03  0.7701E+08
   132    0.0000  2.6245E+01  517.3146    0.0000  517.3146    0.3304    0.3513   -0.7321  0.6539E+02  0.5658E+08
   133    0.0000  2.6047E+01  515.1201    0.0000  515.1201    0.2633    0.4564   -0.1788 -0.3982E+04  0.6443E+08
   134    0.0000  2.6476E+01  508.4607    0.0000  508.4607    0.2311   -0.3535   -0.0845 -0.4606E+04  0.7381E+08
   135    0.0000  2.6485E+01  506.8638    0.0000  506.8638    0.3302    0.3092   -0.4449  0.1582E+03  0.5347E+08
   136    0.0000  2.6501E+01  504.9690    0.0000  504.9690    0.2038    0.3832   -0.3531  0.6796E+03  0.7362E+08
   137    0.0000  2.6466E+01  500.0047    0.0000  500.0047    0.2450   -0.1714   -0.0623  0.2025E+04  0.6536E+08
   138    0.0000  2.6711E+01  497.3941    0.0000  497.3941    0.3096    0.0105   -0.4286  0.1435E+04  0.5374E+08
   139    0.0000  2.7085E+01  490.8736    0.0000  490.8736    0.2231    0.2189    1.0314  0.3773E+04  0.6516E+08
   140    0.0000  2.7233E+01  486.7594    0.0000  486.7594    0.2629   -0.3373    0.4473  0.1445E+03  0.5718E+08
   141    0.0000  2.7288E+01  490.0809    0.0000  490.0809    0.2332   -0.6569   -0.3379 -0.6359E+03  0.5799E+08
   142    0.0000  2.7211E+01  487.4273    0.0000  487.4273    0.2413   -0.0132   -0.1278 -0.4641E+03  0.5883E+08
   143    0.0000  2.7691E+01  483.6015    0.0000  483.6015    0.3014    0.0950   -0.1873  0.4502E+03  0.4514E+08
   144    0.0000  2.7685E+01  482.1581    0.0000  482.1581    0.2368   -0.3122    0.7274 -0.5311E+04  0.5551E+08
   145    0.0000  2.8024E+01  478.8956    0.0000  478.8955    0.2372    0.2844   -0.4182 -0.9944E+03  0.5329E+08
   146    0.0000  2.8318E+01  472.7774    0.0000  472.7774    0.2643   -0.2006   -0.5979 -0.3867E+04  0.4932E+08
   147    0.0000  2.8036E+01  470.4141    0.0000  470.4142    0.2624   -0.1064   -0.8064  0.2970E+04  0.4498E+08
   148    0.0000  2.8244E+01  464.6956    0.0000  464.6956    0.2591   -0.3409    0.2147  0.7145E+04  0.4959E+08
   149    0.0000  2.8822E+01  463.1384    0.0000  463.1384    0.2784   -0.1056   -0.1500 -0.3534E+04  0.4161E+08
   150    0.0000  2.8730E+01  464.5915    0.0000  464.5915    0.2470    0.0188    0.0583  0.1100E+04  0.4481E+08
   151    0.0000  2.8946E+01  462.3595    0.0000  462.3595    0.2865    0.2964   -0.2911 -0.5810E+04  0.3972E+08
   152    0.0000  2.9398E+01  455.5878    0.0000  455.5878    0.2847    0.1983    0.4078  0.4475E+03  0.3586E+08
   153    0.0000  2.9088E+01  456.0237    0.0000  456.0237    0.2235   -0.3196    0.1826 -0.1121E+04  0.4549E+08
   154    0.0000  2.9251E+01  456.3853    0.0000  456.3853    0.2444    0.2635   -0.0632 -0.4342E+04  0.4220E+08
   155    0.0000  2.9132E+01  456.6788    0.0000  456.6788    0.2938   -0.1093   -0.3761  0.9141E+03  0.3261E+08
   156    0.0000  2.9215E+01  453.2148    0.0000  453.2148    0.2434   -0.1019   -0.2328  0.4258E+04  0.4139E+08
   157    0.0000  2.8866E+01  456.1762    0.0000  456.1761    0.2804   -0.3362   -0.4582 -0.1006E+04  0.3453E+08
   158    0.0000  2.9729E+01  445.4173    0.0000  445.4173    0.2456    0.2689   -0.1409  0.6394E+03  0.3524E+08
   159    0.0000  3.0199E+01  440.4556    0.0000  440.4556    0.2390   -0.0521    0.0983 -0.1917E+04  0.4050E+08
   160    0.0000  3.0188E+01  438.5749    0.0000  438.5749    0.2949   -0.4432   -0.5355 -0.2271E+04  0.2618E+08
   161    0.0000  3.0337E+01  437.9265    0.0000  437.9265    0.2531   -0.2105   -0.7786 -0.3761E+03  0.3160E+08
   162    0.0000  3.0423E+01  434.0363    0.0000  434.0363    0.3043    0.1683    0.3720 -0.1161E+04  0.2365E+08
   163    0.0000  3.0497E+01  432.7447    0.0000  432.7447    0.2344    0.4478    0.3100  0.1784E+04  0.3420E+08
   164    0.0000  3.0635E+01  431.4449    0.0000  431.4449    0.2948   -0.0722    0.2228 -0.2042E+04  0.2150E+08
   165    0.0000  3.0646E+01  430.5906    0.0000  430.5906    0.3002   -0.0830    0.3349 -0.1093E+04  0.1697E+08
   166    0.0000  3.0635E+01  429.0382    0.0000  429.0382    0.2320   -0.1407   -0.2581 -0.3412E+04  0.3172E+08
   167    0.0000  3.1483E+01  422.5920    0.0000  422.5920    0.3031    0.2078   -0.5295 -0.2468E+04  0.1638E+08
   168    0.0000  3.1445E+01  420.5460    0.0000  420.5460    0.2629   -0.1208    0.3670  0.2692E+04  0.2151E+08
   169    0.0000  3.1725E+01  415.0898    0.0000  415.0898    0.2771   -0.4579    0.1093  0.1160E+04  0.2303E+08
   170    0.0000  3.1869E+01  411.5215    0.0000  411.5215    0.2910    0.6005    0.0963 -0.5570E+04  0.1635E+08
   171    0.0000  3.1730E+01  413.4883    0.0000  413.4883    0.2661   -0.4277    0.1493  0.1534E+03  0.1741E+08
   172    0.0000  3.1342E+01  412.8858    0.0000  412.8858    0.3042   -0.1731   -0.0611 -0.4647E+03  0.1040E+08
   173    0.0000  3.2039E+01  408.9862    0.0000  408.9862    0.3031    0.0131    0.0881 -0.1630E+04  0.1089E+08
   174    0.0000  3.2191E+01  406.1563    0.0000  406.1563    0.2744   -0.2890    0.4891  0.7478E+03  0.2054E+08
   175    0.0000  3.2436E+01  402.5331    0.0000  402.5331    0.3181    0.2050    0.1174  0.1323E+04  0.6963E+07
   176    0.0000  3.2428E+01  400.2590    0.0000  400.2590    0.2768    0.1353   -0.0383  0.1292E+04  0.1467E+08
   177    0.0000  3.2369E+01  398.6032    0.0000  398.6032    0.3179    0.0213    0.5118  0.4830E+03  0.5769E+07
   178    0.0000  3.2678E+01  394.4295    0.0000  394.4295    0.2762   -0.4218    0.0465  0.3803E+03  0.1114E+08
   179    0.0000  3.2695E+01  390.8017    0.0000  390.8017    0.3304    0.0803   -0.0189 -0.3133E+04 -0.8142E+06
   180    0.0000  3.3217E+01  388.7863    0.0000  388.7863    0.2657    0.1270   -0.0906  0.4135E+04  0.1316E+08
   181    0.0000  3.3451E+01  386.9841    0.0000  386.9841    0.2845   -0.0893    0.0522  0.1673E+04  0.8290E+07
   182    0.0000  3.3910E+01  383.1747    0.0000  383.1747    0.2953    0.0876    0.0293 -0.2983E+04  0.2782E+07
   183    0.0000  3.4418E+01  379.3382    0.0000  379.3383    0.3307    0.4432   -0.5679 -0.3712E+04 -0.3751E+07
   184    0.0000  3.4515E+01  375.5301    0.0000  375.5301    0.3133   -0.0048    0.1687 -0.2348E+04  0.4233E+06
   185    0.0000  3.4606E+01  372.8535    0.0000  372.8535    0.3028    0.0003   -0.5251  0.2217E+03  0.7093E+06
   186    0.0000  3.4967E+01  370.6796    0.0000  370.6796    0.2934    0.2533   -0.0016 -0.1633E+04  0.6449E+06
   187    0.0000  3.5592E+01  364.8598    0.0000  364.8598    0.2851    0.1749    0.0569 -0.1830E+04 -0.9831E+06
   188    0.0000  3.5653E+01  364.6136    0.0000  364.6136    0.2905   -0.0137    0.0263 -0.4285E+04  0.1482E+07
   189    0.0000  3.6647E+01  356.4723    0.0000  356.4723    0.3202   -0.1496    0.0020 -0.3370E+04 -0.7622E+07
   190    0.0000  3.6357E+01  352.5282    0.0000  352.5282    0.2921    0.1476   -0.0142 -0.1094E+04 -0.7947E+06
   191    0.0000  3.6571E+01  350.4695    0.0000  350.4695    0.3049   -0.1955    0.0590  0.2662E+04 -0.6282E+07
   192    0.0000  3.6908E+01  347.5668    0.0000  347.5668    0.2982    0.3337   -0.0864 -0.1146E+04 -0.3420E+07
   193    0.0000  3.7245E+01  343.3115    0.0000  343.3115    0.2839   -0.1049    0.0174 -0.5529E+03 -0.2011E+07
   194    0.0000  3.8082E+01  337.7181    0.0000  337.7181    0.2778    0.1256    0.2120 -0.2323E+03 -0.3652E+07
   195    0.0000  3.8083E+01  334.5701    0.0000  334.5701    0.2949   -0.0028   -0.1906 -0.1413E+04 -0.6791E+07
   196    0.0000  3.8898E+01  329.5756    0.0000  329.5757    0.2796    0.2762   -0.0902  0.1774E+04 -0.5704E+07
   197    0.0000  3.8965E+01  329.9282    0.0000  329.9282    0.3045    0.0237    0.0624  0.1080E+04 -0.1252E+08
   198    0.0000  3.9333E+01  322.2437    0.0000  322.2437    0.2691    0.3585   -0.1422  0.5605E+03 -0.4598E+07
   199    0.0000  4.0099E+01  318.2903    0.0000  318.2903    0.2671    0.1760    0.1353  0.4460E+04 -0.6453E+07
   200    0.0000  4.2011E+01  313.1597    0.0000  313.1597    0.3636    0.0210    0.1122  0.4235E+04 -0.3306E+08

  SPECIES            1
  CELL   X COORD      N DENS     DENSITY     TTX       TTY       TTZ    TR TEMP   ROT TEMP    TEMP   U DIF VEL V DIF VEL W DIF VEL 
     1   0.0000  2.1653E+26  1.4291E+01 1253.5238 1243.1675 1187.9136 1228.2016    0.0000 1228.2015    0.0000    0.0000    0.0000
     2   0.0000  2.1219E+26  1.4005E+01 1267.1025 1065.0740 1099.9022 1144.0263    0.0000 1144.0262    0.0000    0.0000    0.0000
     3   0.0000  2.2263E+26  1.4694E+01 1201.7522  983.5276  995.8248 1060.3682    0.0000 1060.3683    0.0000    0.0000   -0.0000
     4   0.0000  2.2866E+26  1.5092E+01 1156.1572  968.1361  975.7522 1033.3485    0.0000 1033.3485   -0.0000    0.0000   -0.0000
     5   0.0000  2.3832E+26  1.5729E+01 1106.5957  903.4530  894.9216  968.3234    0.0000  968.3234    0.0000    0.0000    0.0000
     6   0.0000  2.3895E+26  1.5770E+01 1088.8683  882.0527  898.7725  956.5645    0.0000  956.5645    0.0000    0.0000    0.0000
     7   0.0000  2.4774E+26  1.6351E+01 1040.5704  791.7193  803.9493  878.7464    0.0000  878.7463    0.0000    0.0000    0.0000
     8   0.0000  2.7807E+26  1.8353E+01  916.4435  799.1265  799.1841  838.2514    0.0000  838.2514    0.0000    0.0000    0.0000
     9   0.0000  2.5725E+26  1.6979E+01  981.2849  758.3671  758.8008  832.8176    0.0000  832.8176   -0.0000    0.0000    0.0000
    10   0.0000  2.5538E+26  1.6855E+01  973.8533  762.9581  767.2091  834.6735    0.0000  834.6735    0.0000    0.0000    0.0000
    11   0.0000  2.6127E+26  1.7244E+01  954.0471  795.2744  801.0289  850.1168    0.0000  850.1168   -0.0000    0.0000    0.0000
    12   0.0000  2.7212E+26  1.7960E+01  902.0103  718.0184  704.8869  774.9719    0.0000  774.9719    0.0000    0.0000    0.0000
    13   0.0000  2.7212E+26  1.7960E+01  895.9445  738.4426  746.1472  793.5114    0.0000  793.5114    0.0000   -0.0000    0.0000
    14   0.0000  2.7008E+26  1.7825E+01  895.7981  719.0048  719.5044  778.1024    0.0000  778.1024    0.0000    0.0000    0.0000
    15   0.0000  2.6590E+26  1.7549E+01  903.0835  715.2548  720.4398  779.5927    0.0000  779.5927    0.0000    0.0000    0.0000
    16   0.0000  2.8162E+26  1.8587E+01  844.4828  686.6021  684.9496  738.6782    0.0000  738.6782   -0.0000    0.0000    0.0000
    17   0.0000  2.7428E+26  1.8102E+01  858.8123  710.0101  698.7343  755.8522    0.0000  755.8522   -0.0000   -0.0000    0.0000
    18   0.0000  2.8428E+26  1.8763E+01  826.5860  676.6810  678.6185  727.2952    0.0000  727.2952    0.0000    0.0000    0.0000
    19   0.0000  2.6230E+26  1.7311E+01  885.4402  684.7031  682.5994  750.9143    0.0000  750.9143    0.0000    0.0000    0.0000
    20   0.0000  2.5960E+26  1.7134E+01  889.3015  665.0404  664.6088  739.6502    0.0000  739.6502   -0.0000    0.0000    0.0000
    21   0.0000  2.6730E+26  1.7642E+01  856.0512  698.7993  703.1308  752.6604    0.0000  752.6604    0.0000    0.0000    0.0000
    22   0.0000  2.5512E+26  1.6838E+01  889.4625  698.8461  694.0587  760.7891    0.0000  760.7891    0.0000    0.0000    0.0000
    23   0.0000  2.5683E+26  1.6951E+01  875.2932  673.3458  680.3604  742.9998    0.0000  742.9998   -0.0000    0.0000    0.0000
    24   0.0000  2.5308E+26  1.6703E+01  881.8109  700.1035  707.2300  763.0481    0.0000  763.0482    0.0000    0.0000    0.0000
    25   0.0000  2.5430E+26  1.6784E+01  871.5687  683.5530  690.1564  748.4260    0.0000  748.4260    0.0000    0.0000    0.0000
    26   0.0000  2.5362E+26  1.6739E+01  865.8927  672.4387  674.5867  737.6394    0.0000  737.6393    0.0000    0.0000   -0.0000
    27   0.0000  2.6502E+26  1.7491E+01  824.2731  646.4347  646.9005  705.8694    0.0000  705.8694    0.0000    0.0000    0.0000
    28   0.0000  2.5813E+26  1.7037E+01  840.3127  676.5486  668.6602  728.5072    0.0000  728.5072    0.0000    0.0000    0.0000
    29   0.0000  2.6300E+26  1.7358E+01  821.3979  677.3725  671.4470  723.4058    0.0000  723.4058    0.0000    0.0000    0.0000
    30   0.0000  2.6317E+26  1.7369E+01  817.6849  717.8773  721.5925  752.3849    0.0000  752.3849    0.0000   -0.0000    0.0000
    31   0.0000  2.6263E+26  1.7333E+01  812.3948  692.6455  695.6143  733.5515    0.0000  733.5515   -0.0000    0.0000    0.0000
    32   0.0000  2.6553E+26  1.7525E+01  801.7650  673.8193  679.1467  718.2437    0.0000  718.2437   -0.0000    0.0000    0.0000
    33   0.0000  2.5210E+26  1.6638E+01  836.3060  695.2387  692.9957  741.5134    0.0000  741.5134    0.0000   -0.0000    0.0000
    34   0.0000  2.6417E+26  1.7435E+01  794.7115  713.8600  711.6166  740.0627    0.0000  740.0627    0.0000    0.0000    0.0000
    35   0.0000  2.7267E+26  1.7996E+01  768.1634  702.0143  692.9149  721.0309    0.0000  721.0309    0.0000    0.0000    0.0000
    36   0.0000  2.6655E+26  1.7592E+01  786.0504  693.5509  698.3741  725.9918    0.0000  725.9918    0.0000    0.0000    0.0000
    37   0.0000  2.7067E+26  1.7864E+01  772.5914  716.2816  708.8436  732.5722    0.0000  732.5721    0.0000    0.0000    0.0000
    38   0.0000  2.8488E+26  1.8802E+01  727.4078  699.5546  705.9256  710.9626    0.0000  710.9626    0.0000    0.0000    0.0000
    39   0.0000  2.8032E+26  1.8501E+01  738.5806  705.2984  698.0444  713.9745    0.0000  713.9745    0.0000    0.0000    0.0000
    40   0.0000  2.7824E+26  1.8364E+01  749.8583  706.0364  703.0653  719.6533    0.0000  719.6533    0.0000    0.0000    0.0000
    41   0.0000  2.8277E+26  1.8663E+01  730.8474  698.7167  695.9954  708.5199    0.0000  708.5198    0.0000    0.0000    0.0000
    42   0.0000  2.7232E+26  1.7973E+01  761.2825  692.5760  696.5862  716.8149    0.0000  716.8149    0.0000    0.0000    0.0000
    43   0.0000  2.7761E+26  1.8322E+01  744.4102  703.8504  697.0020  715.0875    0.0000  715.0875    0.0000    0.0000    0.0000
    44   0.0000  2.8268E+26  1.8657E+01  731.7830  722.0784  722.1556  725.3390    0.0000  725.3390    0.0000    0.0000    0.0000
    45   0.0000  2.7877E+26  1.8399E+01  738.7255  704.3087  700.5543  714.5295    0.0000  714.5295    0.0000    0.0000   -0.0000
    46   0.0000  2.7704E+26  1.8285E+01  737.5260  666.7186  656.4912  686.9120    0.0000  686.9119    0.0000    0.0000   -0.0000
    47   0.0000  2.8145E+26  1.8576E+01  729.3610  676.9532  677.5297  694.6147    0.0000  694.6147   -0.0000    0.0000   -0.0000
    48   0.0000  2.7629E+26  1.8235E+01  739.1925  676.5331  671.9221  695.8826    0.0000  695.8826    0.0000    0.0000    0.0000
    49   0.0000  2.8741E+26  1.8969E+01  711.1967  680.6552  679.9323  690.5947    0.0000  690.5947    0.0000    0.0000    0.0000
    50   0.0000  2.8179E+26  1.8598E+01  721.9623  692.1119  695.7579  703.2774    0.0000  703.2774    0.0000    0.0000    0.0000
    51   0.0000  2.8079E+26  1.8532E+01  724.9354  693.9722  695.8049  704.9041    0.0000  704.9042    0.0000    0.0000    0.0000
    52   0.0000  2.8391E+26  1.8738E+01  714.9084  670.3011  668.3204  684.5100    0.0000  684.5100    0.0000    0.0000    0.0000
    53   0.0000  2.7925E+26  1.8430E+01  725.6793  673.9563  678.3115  692.6490    0.0000  692.6490    0.0000    0.0000    0.0000
    54   0.0000  2.8309E+26  1.8684E+01  714.9551  661.6428  661.2867  679.2949    0.0000  679.2949    0.0000   -0.0000    0.0000
    55   0.0000  2.9661E+26  1.9576E+01  681.7466  657.4634  659.1838  666.1313    0.0000  666.1313    0.0000    0.0000    0.0000
    56   0.0000  2.8260E+26  1.8652E+01  712.0772  658.7629  663.0472  677.9624    0.0000  677.9624    0.0000   -0.0000    0.0000
    57   0.0000  2.8726E+26  1.8959E+01  701.4947  658.6603  657.1086  672.4212    0.0000  672.4212    0.0000   -0.0000    0.0000
    58   0.0000  2.9014E+26  1.9149E+01  690.0484  659.2627  656.2850  668.5320    0.0000  668.5320    0.0000    0.0000    0.0000
    59   0.0000  2.8768E+26  1.8987E+01  698.2966  660.3043  657.3695  671.9901    0.0000  671.9901    0.0000    0.0000    0.0000
    60   0.0000  2.8030E+26  1.8500E+01  715.9701  663.6133  659.5537  679.7124    0.0000  679.7123    0.0000   -0.0000    0.0000
    61   0.0000  2.8710E+26  1.8949E+01  694.5852  654.0889  652.5738  667.0826    0.0000  667.0826    0.0000    0.0000    0.0000
    62   0.0000  2.8938E+26  1.9099E+01  691.7686  634.5489  633.7195  653.3457    0.0000  653.3456    0.0000    0.0000   -0.0000
    63   0.0000  2.9246E+26  1.9302E+01  681.3576  664.3641  659.8253  668.5157    0.0000  668.5157    0.0000    0.0000    0.0000
    64   0.0000  3.0149E+26  1.9898E+01  660.9500  665.0204  663.3761  663.1155    0.0000  663.1155    0.0000    0.0000    0.0000
    65   0.0000  3.0275E+26  1.9982E+01  659.1987  660.8680  661.6387  660.5685    0.0000  660.5685    0.0000    0.0000    0.0000
    66   0.0000  3.0039E+26  1.9826E+01  661.7620  668.8868  665.1403  665.2630    0.0000  665.2630    0.0000    0.0000   -0.0000
    67   0.0000  3.0594E+26  2.0192E+01  652.9796  642.6594  645.7457  647.1282    0.0000  647.1282   -0.0000    0.0000   -0.0000
    68   0.0000  3.1923E+26  2.1069E+01  622.1768  633.8765  634.4736  630.1757    0.0000  630.1757   -0.0000    0.0000   -0.0000
    69   0.0000  3.1299E+26  2.0658E+01  633.4379  641.4019  644.2538  639.6978    0.0000  639.6978   -0.0000    0.0000    0.0000
    70   0.0000  3.1499E+26  2.0789E+01  629.8986  639.9348  638.5271  636.1202    0.0000  636.1202   -0.0000    0.0000    0.0000
    71   0.0000  3.2138E+26  2.1211E+01  619.4896  639.6290  636.8464  631.9883    0.0000  631.9883    0.0000    0.0000    0.0000
    72   0.0000  3.3038E+26  2.1805E+01  603.1062  643.7444  637.6009  628.1505    0.0000  628.1505    0.0000   -0.0000    0.0000
    73   0.0000  3.2083E+26  2.1175E+01  619.2625  645.7759  644.6951  636.5779    0.0000  636.5779   -0.0000    0.0000    0.0000
    74   0.0000  3.1220E+26  2.0605E+01  637.3016  654.4822  647.6310  646.4716    0.0000  646.4716   -0.0000   -0.0000    0.0000
    75   0.0000  3.1237E+26  2.0616E+01  636.3759  644.9321  650.0400  643.7827    0.0000  643.7827   -0.0000    0.0000    0.0000
    76   0.0000  3.1157E+26  2.0564E+01  640.1896  651.8491  648.5505  646.8631    0.0000  646.8631   -0.0000    0.0000    0.0000
    77   0.0000  3.1608E+26  2.0862E+01  627.6528  650.3514  650.1702  642.7248    0.0000  642.7248   -0.0000    0.0000    0.0000
    78   0.0000  3.1032E+26  2.0481E+01  643.4577  654.7107  649.4965  649.2216    0.0000  649.2216    0.0000    0.0000    0.0000
    79   0.0000  3.1052E+26  2.0494E+01  638.6664  633.9304  635.2451  635.9473    0.0000  635.9473    0.0000    0.0000   -0.0000
    80   0.0000  3.1947E+26  2.1085E+01  622.4844  632.1185  628.9182  627.8404    0.0000  627.8404   -0.0000    0.0000    0.0000
    81   0.0000  3.2132E+26  2.1207E+01  616.2691  649.1530  650.8391  638.7538    0.0000  638.7538    0.0000    0.0000   -0.0000
    82   0.0000  3.2540E+26  2.1476E+01  608.2045  630.4343  630.8880  623.1756    0.0000  623.1756   -0.0000   -0.0000    0.0000
    83   0.0000  3.3040E+26  2.1806E+01  600.6947  622.4642  623.9904  615.7164    0.0000  615.7164   -0.0000   -0.0000    0.0000
    84   0.0000  3.2799E+26  2.1648E+01  604.2985  624.8269  620.5135  616.5463    0.0000  616.5463    0.0000   -0.0000   -0.0000
    85   0.0000  3.3293E+26  2.1973E+01  599.1680  627.2022  624.1024  616.8242    0.0000  616.8242    0.0000    0.0000    0.0000
    86   0.0000  3.2856E+26  2.1685E+01  603.0682  621.0236  620.4610  614.8509    0.0000  614.8510    0.0000    0.0000    0.0000
    87   0.0000  3.3189E+26  2.1905E+01  598.1027  612.1912  608.8242  606.3727    0.0000  606.3727   -0.0000   -0.0000    0.0000
    88   0.0000  3.3330E+26  2.1998E+01  595.8419  610.4957  611.7115  606.0163    0.0000  606.0164   -0.0000    0.0000    0.0000
    89   0.0000  3.3647E+26  2.2207E+01  591.1531  618.0192  614.4700  607.8808    0.0000  607.8807   -0.0000    0.0000    0.0000
    90   0.0000  3.4281E+26  2.2626E+01  578.4040  615.5553  612.2793  602.0795    0.0000  602.0795    0.0000    0.0000    0.0000
    91   0.0000  3.4552E+26  2.2804E+01  575.1349  613.7142  611.6705  600.1732    0.0000  600.1732    0.0000    0.0000    0.0000
    92   0.0000  3.3552E+26  2.2144E+01  591.5295  610.8726  609.5914  603.9978    0.0000  603.9978    0.0000    0.0000    0.0000
    93   0.0000  3.3741E+26  2.2269E+01  591.0024  603.7180  603.8274  599.5159    0.0000  599.5159   -0.0000    0.0000    0.0000
    94   0.0000  3.3691E+26  2.2236E+01  589.9461  601.5285  606.1148  599.1965    0.0000  599.1965    0.0000    0.0000    0.0000
    95   0.0000  3.4081E+26  2.2494E+01  583.9136  611.2925  610.0062  601.7374    0.0000  601.7374    0.0000    0.0000    0.0000
    96   0.0000  3.4609E+26  2.2842E+01  574.1415  615.1602  614.5735  601.2917    0.0000  601.2917   -0.0000    0.0000    0.0000
    97   0.0000  3.4801E+26  2.2969E+01  570.7434  620.3585  619.3792  603.4937    0.0000  603.4937   -0.0000    0.0000    0.0000
    98   0.0000  3.4980E+26  2.3087E+01  571.1265  608.8730  611.3799  597.1265    0.0000  597.1265    0.0000    0.0000    0.0000
    99   0.0000  3.5419E+26  2.3376E+01  564.0903  606.1991  608.5797  592.9563    0.0000  592.9564   -0.0000    0.0000    0.0000
   100   0.0000  3.5431E+26  2.3385E+01  563.6729  607.7250  606.1999  592.5326    0.0000  592.5326   -0.0000    0.0000    0.0000
   101   0.0000  3.5730E+26  2.3582E+01  557.4402  601.5402  603.4903  587.4902    0.0000  587.4902   -0.0000    0.0000    0.0000
   102   0.0000  3.5366E+26  2.3342E+01  561.5222  603.8214  602.7679  589.3705    0.0000  589.3705    0.0000    0.0000    0.0000
   103   0.0000  3.5442E+26  2.3392E+01  561.6906  597.6446  597.2421  585.5258    0.0000  585.5258    0.0000    0.0000    0.0000
   104   0.0000  3.5629E+26  2.3515E+01  559.0463  589.9559  588.1005  579.0342    0.0000  579.0342    0.0000    0.0000    0.0000
   105   0.0000  3.6625E+26  2.4172E+01  545.0234  592.6505  594.6932  577.4557    0.0000  577.4557    0.0000    0.0000    0.0000
   106   0.0000  3.6058E+26  2.3798E+01  554.8530  587.9890  588.0256  576.9559    0.0000  576.9559    0.0000    0.0000    0.0000
   107   0.0000  3.5849E+26  2.3660E+01  558.3230  577.8868  580.3382  572.1827    0.0000  572.1827    0.0000    0.0000    0.0000
   108   0.0000  3.5559E+26  2.3469E+01  559.8770  576.6864  581.4417  572.6683    0.0000  572.6683    0.0000   -0.0000    0.0000
   109   0.0000  3.6218E+26  2.3904E+01  550.3300  587.9700  586.7664  575.0221    0.0000  575.0221    0.0000    0.0000    0.0000
   110   0.0000  3.6514E+26  2.4099E+01  548.3589  591.8082  591.2942  577.1538    0.0000  577.1537    0.0000   -0.0000    0.0000
   111   0.0000  3.6756E+26  2.4259E+01  542.3229  579.3412  579.7390  567.1344    0.0000  567.1344    0.0000   -0.0000    0.0000
   112   0.0000  3.7152E+26  2.4520E+01  537.8928  577.6130  576.2570  563.9209    0.0000  563.9210    0.0000   -0.0000    0.0000
   113   0.0000  3.7034E+26  2.4443E+01  538.4804  576.5991  576.6747  563.9181    0.0000  563.9181    0.0000    0.0000    0.0000
   114   0.0000  3.7610E+26  2.4822E+01  533.6451  566.9846  567.5370  556.0556    0.0000  556.0556    0.0000   -0.0000    0.0000
   115   0.0000  3.7436E+26  2.4708E+01  536.4507  561.3514  561.4228  553.0750    0.0000  553.0750    0.0000   -0.0000   -0.0000
   116   0.0000  3.7525E+26  2.4766E+01  532.5789  565.7816  562.6796  553.6800    0.0000  553.6801    0.0000    0.0000   -0.0000
   117   0.0000  3.7119E+26  2.4498E+01  539.0007  560.6765  560.7953  553.4908    0.0000  553.4908    0.0000    0.0000    0.0000
   118   0.0000  3.7387E+26  2.4675E+01  535.5817  553.3124  550.8652  546.5864    0.0000  546.5864   -0.0000    0.0000    0.0000
   119   0.0000  3.7609E+26  2.4822E+01  532.4748  553.1464  553.7226  546.4479    0.0000  546.4479    0.0000    0.0000    0.0000
   120   0.0000  3.8005E+26  2.5083E+01  525.2221  547.8601  546.9008  539.9943    0.0000  539.9943    0.0000    0.0000    0.0000
   121   0.0000  3.8063E+26  2.5122E+01  524.5168  542.5677  543.2137  536.7661    0.0000  536.7661   -0.0000    0.0000    0.0000
   122   0.0000  3.8737E+26  2.5566E+01  516.9046  542.5683  543.1492  534.2074    0.0000  534.2073    0.0000    0.0000    0.0000
   123   0.0000  3.9025E+26  2.5756E+01  512.2460  543.6698  540.9444  532.2867    0.0000  532.2867    0.0000    0.0000    0.0000
   124   0.0000  3.8478E+26  2.5395E+01  520.1367  533.5577  532.8805  528.8583    0.0000  528.8583    0.0000   -0.0000    0.0000
   125   0.0000  3.8846E+26  2.5639E+01  514.8619  535.3932  534.9034  528.3861    0.0000  528.3861    0.0000    0.0000    0.0000
   126   0.0000  3.8762E+26  2.5583E+01  513.7239  535.4535  536.9982  528.7252    0.0000  528.7252    0.0000    0.0000    0.0000
   127   0.0000  3.9240E+26  2.5898E+01  510.8612  532.5428  533.4701  525.6247    0.0000  525.6247    0.0000    0.0000    0.0000
   128   0.0000  3.9598E+26  2.6135E+01  503.8465  529.5598  528.6008  520.6691    0.0000  520.6691   -0.0000   -0.0000    0.0000
   129   0.0000  3.9449E+26  2.6036E+01  507.6474  529.4976  531.5225  522.8892    0.0000  522.8892    0.0000    0.0000    0.0000
   130   0.0000  3.9909E+26  2.6340E+01  501.0473  520.6743  522.0140  514.5786    0.0000  514.5786    0.0000    0.0000    0.0000
   131   0.0000  4.0190E+26  2.6526E+01  497.6618  517.2733  516.0093  510.3148    0.0000  510.3148    0.0000    0.0000    0.0000
   132   0.0000  3.9766E+26  2.6245E+01  500.5441  525.3009  526.0987  517.3146    0.0000  517.3146    0.0000    0.0000    0.0000
   133   0.0000  3.9465E+26  2.6047E+01  503.9333  520.0112  521.4159  515.1201    0.0000  515.1201   -0.0000    0.0000   -0.0000
   134   0.0000  4.0115E+26  2.6476E+01  496.1859  514.4083  514.7879  508.4607    0.0000  508.4607   -0.0000    0.0000    0.0000
   135   0.0000  4.0128E+26  2.6485E+01  495.6055  513.0941  511.8919  506.8638    0.0000  506.8638    0.0000    0.0000    0.0000
   136   0.0000  4.0153E+26  2.6501E+01  497.5077  508.0178  509.3815  504.9690    0.0000  504.9690   -0.0000    0.0000    0.0000
   137   0.0000  4.0100E+26  2.6466E+01  497.0147  501.6542  501.3452  500.0047    0.0000  500.0047    0.0000    0.0000    0.0000
   138   0.0000  4.0471E+26  2.6711E+01  491.4074  500.8117  499.9632  497.3941    0.0000  497.3941   -0.0000    0.0000    0.0000
   139   0.0000  4.1038E+26  2.7085E+01  483.8497  495.0597  493.7115  490.8736    0.0000  490.8736   -0.0000    0.0000    0.0000
   140   0.0000  4.1262E+26  2.7233E+01  482.3702  488.7224  489.1855  486.7594    0.0000  486.7594   -0.0000    0.0000    0.0000
   141   0.0000  4.1345E+26  2.7288E+01  479.5604  496.2090  494.4733  490.0809    0.0000  490.0809   -0.0000    0.0000    0.0000
   142   0.0000  4.1229E+26  2.7211E+01  481.3499  489.8854  491.0466  487.4273    0.0000  487.4273   -0.0000    0.0000    0.0000
   143   0.0000  4.1957E+26  2.7691E+01  474.2081  487.3598  489.2366  483.6015    0.0000  483.6015    0.0000    0.0000   -0.0000
   144   0.0000  4.1946E+26  2.7685E+01  472.6560  486.4893  487.3291  482.1581    0.0000  482.1581   -0.0000    0.0000    0.0000
   145   0.0000  4.2461E+26  2.8024E+01  467.2314  484.4479  485.0073  478.8956    0.0000  478.8955    0.0000    0.0000    0.0000
   146   0.0000  4.2906E+26  2.8318E+01  461.9428  477.6718  478.7176  472.7774    0.0000  472.7774    0.0000    0.0000    0.0000
   147   0.0000  4.2479E+26  2.8036E+01  465.3657  473.4254  472.4513  470.4141    0.0000  470.4142   -0.0000    0.0000    0.0000
   148   0.0000  4.2795E+26  2.8244E+01  462.5287  465.6350  465.9230  464.6956    0.0000  464.6956    0.0000    0.0000   -0.0000
   149   0.0000  4.3670E+26  2.8822E+01  454.1817  468.9252  466.3083  463.1384    0.0000  463.1384    0.0000    0.0000    0.0000
   150   0.0000  4.3531E+26  2.8730E+01  456.0498  469.5614  468.1632  464.5915    0.0000  464.5915    0.0000    0.0000    0.0000
   151   0.0000  4.3858E+26  2.8946E+01  452.5114  467.0548  467.5122  462.3595    0.0000  462.3595    0.0000    0.0000    0.0000
   152   0.0000  4.4543E+26  2.9398E+01  443.7572  461.3871  461.6191  455.5878    0.0000  455.5878    0.0000    0.0000   -0.0000
   153   0.0000  4.4073E+26  2.9088E+01  448.9612  458.8632  460.2466  456.0237    0.0000  456.0237    0.0000    0.0000    0.0000
   154   0.0000  4.4320E+26  2.9251E+01  446.2776  461.4499  461.4285  456.3853    0.0000  456.3853    0.0000    0.0000    0.0000
   155   0.0000  4.4139E+26  2.9132E+01  447.6494  460.8807  461.5063  456.6788    0.0000  456.6788   -0.0000    0.0000    0.0000
   156   0.0000  4.4266E+26  2.9215E+01  445.6105  456.8896  457.1442  453.2148    0.0000  453.2148   -0.0000    0.0000    0.0000
   157   0.0000  4.3736E+26  2.8866E+01  451.3597  458.4101  458.7586  456.1762    0.0000  456.1761    0.0000    0.0000    0.0000
   158   0.0000  4.5045E+26  2.9729E+01  437.3023  448.7759  450.1736  445.4173    0.0000  445.4173    0.0000    0.0000    0.0000
   159   0.0000  4.5757E+26  3.0199E+01  431.8803  444.8227  444.6639  440.4556    0.0000  440.4556    0.0000    0.0000    0.0000
   160   0.0000  4.5740E+26  3.0188E+01  431.8108  442.6842  441.2296  438.5749    0.0000  438.5749   -0.0000    0.0000    0.0000
   161   0.0000  4.5965E+26  3.0337E+01  429.4440  442.3618  441.9738  437.9265    0.0000  437.9265   -0.0000    0.0000    0.0000
   162   0.0000  4.6095E+26  3.0423E+01  426.4834  437.6273  437.9984  434.0363    0.0000  434.0363    0.0000    0.0000   -0.0000
   163   0.0000  4.6207E+26  3.0497E+01  425.6768  435.8466  436.7107  432.7447    0.0000  432.7447    0.0000   -0.0000    0.0000
   164   0.0000  4.6417E+26  3.0635E+01  424.1376  435.4164  434.7806  431.4449    0.0000  431.4449    0.0000    0.0000    0.0000
   165   0.0000  4.6433E+26  3.0646E+01  423.9108  433.7940  434.0669  430.5906    0.0000  430.5906    0.0000    0.0000    0.0000
   166   0.0000  4.6417E+26  3.0635E+01  422.5424  432.4991  432.0732  429.0382    0.0000  429.0382    0.0000    0.0000    0.0000
   167   0.0000  4.7702E+26  3.1483E+01  412.7941  427.5872  427.3948  422.5920    0.0000  422.5920    0.0000    0.0000    0.0000
   168   0.0000  4.7645E+26  3.1445E+01  411.7180  425.3887  424.5314  420.5460    0.0000  420.5460    0.0000   -0.0000   -0.0000
   169   0.0000  4.8068E+26  3.1725E+01  408.5265  418.7601  417.9826  415.0898    0.0000  415.0898    0.0000    0.0000    0.0000
   170   0.0000  4.8286E+26  3.1869E+01  406.0160  413.7456  414.8031  411.5215    0.0000  411.5215    0.0000    0.0000    0.0000
   171   0.0000  4.8076E+26  3.1730E+01  408.8293  416.2330  415.4025  413.4883    0.0000  413.4883   -0.0000    0.0000    0.0000
   172   0.0000  4.7487E+26  3.1342E+01  412.1258  412.7055  413.8260  412.8858    0.0000  412.8858    0.0000    0.0000    0.0000
   173   0.0000  4.8544E+26  3.2039E+01  404.9021  410.8839  411.1727  408.9862    0.0000  408.9862    0.0000   -0.0000   -0.0000
   174   0.0000  4.8775E+26  3.2191E+01  401.9977  408.1550  408.3162  406.1563    0.0000  406.1563    0.0000    0.0000   -0.0000
   175   0.0000  4.9145E+26  3.2436E+01  399.6019  404.4136  403.5837  402.5331    0.0000  402.5331    0.0000    0.0000    0.0000
   176   0.0000  4.9133E+26  3.2428E+01  399.4922  400.4790  400.8057  400.2590    0.0000  400.2590    0.0000    0.0000    0.0000
   177   0.0000  4.9044E+26  3.2369E+01  398.2740  397.9131  399.6225  398.6032    0.0000  398.6032    0.0000    0.0000   -0.0000
   178   0.0000  4.9512E+26  3.2678E+01  396.2646  393.4269  393.5970  394.4295    0.0000  394.4295    0.0000    0.0000    0.0000
   179   0.0000  4.9537E+26  3.2695E+01  394.4333  389.1923  388.7796  390.8017    0.0000  390.8017    0.0000    0.0000    0.0000
   180   0.0000  5.0329E+26  3.3217E+01  387.3491  390.1323  388.8775  388.7863    0.0000  388.7863    0.0000    0.0000    0.0000
   181   0.0000  5.0684E+26  3.3451E+01  385.9577  388.1808  386.8139  386.9841    0.0000  386.9841   -0.0000    0.0000    0.0000
   182   0.0000  5.1379E+26  3.3910E+01  379.7711  384.7570  384.9958  383.1747    0.0000  383.1747   -0.0000    0.0000    0.0000
   183   0.0000  5.2149E+26  3.4418E+01  374.6363  381.4439  381.9346  379.3382    0.0000  379.3383    0.0000    0.0000    0.0000
   184   0.0000  5.2296E+26  3.4515E+01  372.2094  377.0772  377.3036  375.5301    0.0000  375.5301    0.0000    0.0000    0.0000
   185   0.0000  5.2433E+26  3.4606E+01  371.8739  373.1019  373.5848  372.8535    0.0000  372.8535    0.0000    0.0000   -0.0000
   186   0.0000  5.2980E+26  3.4967E+01  366.9890  372.3052  372.7446  370.6796    0.0000  370.6796    0.0000    0.0000    0.0000
   187   0.0000  5.3928E+26  3.5592E+01  360.0090  367.4301  367.1404  364.8598    0.0000  364.8598    0.0000    0.0000    0.0000
   188   0.0000  5.4020E+26  3.5653E+01  359.6805  367.0939  367.0664  364.6136    0.0000  364.6136    0.0000    0.0000    0.0000
   189   0.0000  5.5525E+26  3.6647E+01  350.4166  359.1448  359.8554  356.4723    0.0000  356.4723    0.0000    0.0000    0.0000
   190   0.0000  5.5086E+26  3.6357E+01  351.2459  353.4404  352.8982  352.5282    0.0000  352.5282    0.0000    0.0000   -0.0000
   191   0.0000  5.5411E+26  3.6571E+01  350.5168  349.9679  350.9240  350.4695    0.0000  350.4695    0.0000    0.0000    0.0000
   192   0.0000  5.5922E+26  3.6908E+01  346.9743  348.5401  347.1860  347.5668    0.0000  347.5668    0.0000    0.0000   -0.0000
   193   0.0000  5.6432E+26  3.7245E+01  342.6718  343.4253  343.8374  343.3115    0.0000  343.3115    0.0000   -0.0000    0.0000
   194   0.0000  5.7700E+26  3.8082E+01  335.6718  338.6245  338.8581  337.7181    0.0000  337.7181    0.0000    0.0000    0.0000
   195   0.0000  5.7701E+26  3.8083E+01  335.1281  334.5587  334.0236  334.5701    0.0000  334.5701    0.0000    0.0000   -0.0000
   196   0.0000  5.8937E+26  3.8898E+01  329.5310  330.0166  329.1793  329.5756    0.0000  329.5757    0.0000    0.0000    0.0000
   197   0.0000  5.9038E+26  3.8965E+01  329.4277  330.0295  330.3275  329.9282    0.0000  329.9282    0.0000    0.0000    0.0000
   198   0.0000  5.9595E+26  3.9333E+01  323.6982  321.2092  321.8239  322.2437    0.0000  322.2437    0.0000   -0.0000    0.0000
   199   0.0000  6.0756E+26  4.0099E+01  318.8228  318.0917  317.9564  318.2903    0.0000  318.2903    0.0000    0.0000    0.0000
   200   0.0000  6.3653E+26  4.2011E+01  310.5618  314.6138  314.3035  313.1597    0.0000  313.1597   -0.0000    0.0000    0.0000
