  FROM ZERO TIME TO TIME   2.0008986    
  COLLISIONS =   24497823.000000000     
  TOTAL NUMBER OF SAMPLES        20000
        1000  MOLECULES
   80000000.000000000       TOTAL MOLECULAR MOVES
    46065683  SELECTIONS     24497823  COLLISIONS, RATIO    0.53180200    
  MEAN COLLISION SEPARATION   9.75326344E-04
  FLOWFIELD PROPERTIES
   CELL   X COORD   SAMPLE     N DENS.         U         V WTEMP
     1    0.0100   400408  1.0010E+20    0.1563   -4.6133    2.2195  303.5422
     2    0.0300   401675  1.0042E+20   -0.3899   -3.3079    2.4715  303.8603
     3    0.0500   400451  1.0011E+20    0.7132   -3.6313    2.8969  302.7992
     4    0.0700   401312  1.0033E+20    0.0737   -3.8950    2.8523  303.1267
     5    0.0900   400451  1.0011E+20   -0.2705   -3.4478    3.0743  303.4372
     6    0.1100   401729  1.0043E+20   -0.2973   -3.4754    2.4631  302.3945
     7    0.1300   401149  1.0029E+20    0.0493   -3.6360    2.2120  303.4794
     8    0.1500   401033  1.0026E+20    0.3239   -4.8017    2.0626  302.9150
     9    0.1700   402842  1.0071E+20   -0.3842   -4.2497    2.2708  303.0223
    10    0.1900   401478  1.0037E+20    0.1846   -3.7999    3.7126  302.6918
    11    0.2100   400933  1.0023E+20    0.4006   -3.7676    2.2803  302.7745
    12    0.2300   399792  9.9948E+19   -0.6548   -4.3876    2.4862  303.0274
    13    0.2500   399823  9.9956E+19    0.2259   -3.8121    3.2592  304.6136
    14    0.2700   399857  9.9964E+19    0.3130   -4.1357    2.6046  304.2249
    15    0.2900   399370  9.9842E+19   -0.1678   -3.2084    2.1837  303.3720
    16    0.3100   400357  1.0009E+20   -0.1818   -3.4842    2.6615  303.7932
    17    0.3300   399943  9.9986E+19   -0.0872   -3.8719    1.9628  303.5473
    18    0.3500   398976  9.9744E+19    0.2794   -4.7894    2.7264  303.7217
    19    0.3700   400102  1.0003E+20   -0.1700   -4.6313    4.0640  303.6638
    20    0.3900   399928  9.9982E+19   -0.1128   -2.8469    4.4356  303.3659
    21    0.4100   400458  1.0011E+20   -0.0822   -2.1595    5.0124  303.8621
    22    0.4300   400371  1.0009E+20    0.2310   -3.4139    5.5667  303.2343
    23    0.4500   400169  1.0004E+20    0.1345   -3.3134    5.3213  303.5071
    24    0.4700   401067  1.0027E+20   -0.3760   -3.3405    5.1999  303.6508
    25    0.4900   398990  9.9748E+19    0.3662   -2.6906    5.4911  303.5912
    26    0.5100   399234  9.9809E+19    0.0439   -2.4720    5.3113  303.8419
    27    0.5300   399292  9.9823E+19   -0.3029   -3.3915    5.0673  304.8233
    28    0.5500   399331  9.9833E+19   -0.1930   -4.2142    5.3814  304.9038
    29    0.5700   399266  9.9816E+19    0.2356   -4.4478    5.8343  303.6498
    30    0.5900   397996  9.9499E+19    0.1042   -3.9755    5.7807  304.7641
    31    0.6100   401219  1.0030E+20   -0.5055   -3.7893    6.3258  303.5344
    32    0.6300   401102  1.0028E+20    0.5416   -4.3766    6.2273  303.1391
    33    0.6500   401693  1.0042E+20   -0.4867   -6.0904    6.2186  303.2029
    34    0.6700   400030  1.0001E+20    0.7077   -6.2146    5.8132  304.5744
    35    0.6900   400398  1.0010E+20   -0.3846   -6.0651    5.2776  304.2175
    36    0.7100   401329  1.0033E+20   -0.2623   -5.4642    5.0726  303.4722
    37    0.7300   401725  1.0043E+20    0.7250   -4.1836    4.1789  302.9063
    38    0.7500   399572  9.9893E+19   -0.7426   -4.8642    4.5303  303.6352
    39    0.7700   400091  1.0002E+20    0.0776   -4.0079    5.1060  303.6663
    40    0.7900   399740  9.9935E+19    0.0980   -3.7255    5.3458  304.1928
    41    0.8100   399358  9.9839E+19   -0.0868   -4.3026    5.5389  304.4496
    42    0.8300   397987  9.9497E+19    0.1129   -4.2247    5.6129  304.6409
    43    0.8500   398487  9.9622E+19    0.0283   -3.8938    5.4556  304.1579
    44    0.8700   399151  9.9788E+19    0.0158   -3.9253    3.4939  304.4732
    45    0.8900   398247  9.9562E+19   -0.0605   -4.0592    4.7003  304.8397
    46    0.9100   398556  9.9639E+19   -0.0124   -3.2542    5.1340  304.3966
    47    0.9300   399337  9.9834E+19    0.0716   -3.6003    5.6354  304.4927
    48    0.9500   398965  9.9741E+19    0.3593   -4.0032    5.4251  305.1253
    49    0.9700   397461  9.9365E+19   -0.2790   -4.9452    5.0715  305.4688
    50    0.9900   397769  9.9442E+19   -0.7974   -3.9239    5.4997  305.5220
  AVERAGE TEMPERATURE    303.82614    

  RATIO OF COLLISION NUMBER TO THEORETICAL VALUE

  0.99980536753009641     
