  FROM ZERO TIME TO TIME   2.0008986    
  COLLISIONS:-
   17627348.    6942336.    3107895.    2686098.     716152.
    6942336.    2689322.    1223341.    1051418.     279042.
    3107895.    1223341.     501486.     430719.     124783.
    2686098.    1051418.     430719.     360922.     107131.
     716152.     279042.     124783.     107131.      27194.
  TOTAL NUMBER OF SAMPLES        20000
        1000  MOLECULES
   80000000.000000000       TOTAL MOLECULAR MOVES
    60914028  SELECTIONS     27272051  COLLISION EVENTS, RATIO    0.44771379    
  MEAN COLLISION SEPARATION   9.75698989E-04
 SAMPLES
  CELL     N SP 1    N SP 2     ETC 
      1  241023.   79024.   41167.   31633.    7516.
      2  240695.   79323.   40958.   31833.    7601.
      3  240339.   80194.   40966.   31944.    7612.
      4  239584.   80467.   40917.   32217.    7739.
      5  239117.   80240.   41022.   32171.    7960.
      6  239129.   80482.   40603.   32657.    8014.
      7  238307.   78961.   40975.   32801.    8129.
      8  238742.   79454.   40811.   32885.    8090.
      9  238782.   79945.   41049.   32434.    8074.
     10  240395.   80417.   40686.   32102.    8047.
     11  239074.   80328.   40835.   32396.    8074.
     12  239192.   80138.   40771.   31877.    7851.
     13  238328.   80261.   40997.   31831.    8011.
     14  238442.   80388.   40851.   32261.    7996.
     15  239192.   80126.   40960.   32152.    8072.
     16  240099.   80324.   40871.   31491.    7977.
     17  238809.   80165.   40408.   31839.    8124.
     18  239049.   80636.   40481.   31609.    8134.
     19  239404.   79874.   40280.   31689.    8079.
     20  239558.   80328.   40543.   31554.    8220.
     21  239529.   80149.   40281.   31437.    8113.
     22  239243.   80002.   40069.   31243.    7963.
     23  239621.   80243.   40493.   31619.    7798.
     24  240507.   80336.   40472.   31669.    7967.
     25  239540.   80569.   40786.   31666.    8047.
     26  240095.   80321.   40390.   31439.    8071.
     27  239756.   80125.   40208.   31553.    7984.
     28  241341.   79780.   40198.   31787.    7985.
     29  240770.   80360.   40220.   31592.    8023.
     30  241516.   79886.   39848.   31602.    7930.
     31  240954.   79479.   39624.   32145.    7974.
     32  241439.   79647.   39497.   32044.    7964.
     33  239485.   80393.   39167.   32072.    8003.
     34  239291.   80872.   39067.   32371.    7993.
     35  239015.   81014.   39237.   32246.    8027.
     36  239529.   80196.   39309.   32186.    7774.
     37  239901.   79675.   38849.   32283.    7917.
     38  240766.   79474.   38657.   32170.    7962.
     39  240515.   78854.   38848.   32566.    7977.
     40  239697.   79422.   38694.   32693.    7950.
     41  240679.   79648.   38693.   32364.    7933.
     42  239993.   79751.   38890.   32168.    7981.
     43  240196.   79362.   38696.   32337.    8220.
     44  239452.   79854.   39391.   32260.    8040.
     45  241061.   79633.   39471.   31903.    8006.
     46  241027.   79604.   39315.   32189.    8295.
     47  241831.   79850.   38892.   31897.    8121.
     48  242005.   80309.   39025.   31643.    8163.
     49  241872.   80513.   38817.   31653.    8207.
     50  242114.   79604.   38745.   31827.    8292.
  FLOWFIELD PROPERTIES
   CELL   X COORD     DENSITY       U         V        W         TEMP
     1    0.0100  4.3924E-06   -0.5357   -0.3073    4.8753  303.3790
     2    0.0300  4.3922E-06    0.0837   -1.1610    4.7491  302.8565
     3    0.0500  4.3983E-06    0.2544   -1.1507    3.2088  303.1117
     4    0.0700  4.3943E-06   -0.0105    0.1955    3.7908  303.2594
     5    0.0900  4.3885E-06   -0.0185   -1.1224    3.1586  303.0621
     6    0.1100  4.3917E-06    0.1405   -0.5453    2.6747  302.8878
     7    0.1300  4.3685E-06   -0.1621   -1.4279    4.0193  303.4418
     8    0.1500  4.3785E-06   -0.1126    0.1756    2.4704  304.0193
     9    0.1700  4.3836E-06    0.0479    1.2885    2.6415  302.8633
    10    0.1900  4.4049E-06    0.0212    1.6369    2.4225  302.9471
    11    0.2100  4.3901E-06   -0.0142    0.2771    2.4601  303.2533
    12    0.2300  4.3842E-06    0.2323    0.1300    1.9818  302.4719
    13    0.2500  4.3775E-06   -0.2595   -0.9968    1.9721  303.6209
    14    0.2700  4.3815E-06   -0.0464   -0.4745    1.4574  303.9169
    15    0.2900  4.3888E-06    0.2557   -0.9202    2.4074  302.7472
    16    0.3100  4.3976E-06   -0.1796   -0.9485    2.2335  302.9542
    17    0.3300  4.3800E-06   -0.2734   -2.8698    2.0318  304.1992
    18    0.3500  4.3877E-06    0.3564   -2.2471    2.0943  303.8870
    19    0.3700  4.3821E-06   -0.2712   -2.8387    3.0651  303.6106
    20    0.3900  4.3915E-06    0.2498   -3.0074    1.8154  304.3802
    21    0.4100  4.3859E-06   -0.2682   -2.7496    1.4471  304.9893
    22    0.4300  4.3768E-06   -0.1988   -2.5419    1.5562  304.1717
    23    0.4500  4.3872E-06    0.3802   -2.6829    1.4818  303.9438
    24    0.4700  4.4011E-06   -0.0552   -1.8714    2.5117  303.2264
    25    0.4900  4.3944E-06   -0.1908   -1.5715    1.0196  302.8098
    26    0.5100  4.3951E-06   -0.1937   -2.3545    0.5026  302.9487
    27    0.5300  4.3873E-06    0.5751   -1.9329    1.8751  303.3788
    28    0.5500  4.4043E-06   -0.8306   -2.9512    1.1030  303.3925
    29    0.5700  4.4032E-06    0.3958   -2.4308    2.1245  303.5358
    30    0.5900  4.4040E-06    0.5827   -3.1534    3.2115  302.7720
    31    0.6100  4.3942E-06   -0.6178   -2.4146    3.3070  302.9031
    32    0.6300  4.4007E-06   -0.1113   -1.8213    4.1592  303.0798
    33    0.6500  4.3832E-06    0.0730   -2.5946    4.7389  304.5284
    34    0.6700  4.3869E-06   -0.0668   -2.3166    4.8844  303.7157
    35    0.6900  4.3858E-06    0.3380   -2.8569    4.7518  304.2297
    36    0.7100  4.3807E-06   -0.3456   -3.3345    4.9647  304.3391
    37    0.7300  4.3785E-06    0.1756   -2.5132    4.8118  304.4834
    38    0.7500  4.3857E-06    0.2165   -2.2972    4.5121  304.9423
    39    0.7700  4.3789E-06   -0.1531   -1.8252    4.1372  304.8144
    40    0.7900  4.3745E-06   -0.6599   -2.9064    2.2425  304.1606
    41    0.8100  4.3875E-06    0.4595   -2.0631    3.6573  304.3214
    42    0.8300  4.3808E-06    0.2210   -2.1658    3.2726  305.3826
    43    0.8500  4.3810E-06    0.1019   -2.3144    4.3829  304.4679
    44    0.8700  4.3794E-06   -0.6072   -1.7418    4.0634  304.2131
    45    0.8900  4.3954E-06    0.5437   -2.6792    4.2967  303.6460
    46    0.9100  4.3980E-06   -0.0805   -2.0924    3.1720  303.6579
    47    0.9300  4.4050E-06   -0.2971   -1.3426    4.0787  303.0963
    48    0.9500  4.4123E-06   -0.0121   -2.2770    4.3842  303.4309
    49    0.9700  4.4121E-06    0.5124   -2.3489    5.4935  303.2800
    50    0.9900  4.4062E-06   -0.6684   -2.4329    5.3236  303.9187


  SPECIES            1
  CELL   X COORD      N DENS     DENSITY U DIF VEL V DIF VEL W DIF VEL      TEMP 
     1   0.0100  6.0256E+19  3.0128E-06    0.4359    0.0909    0.0687  303.3699
     2   0.0300  6.0174E+19  3.0087E-06   -0.1606    0.0671   -0.7521  303.4256
     3   0.0500  6.0085E+19  3.0042E-06   -0.1369   -0.0263   -0.2525  302.9644
     4   0.0700  5.9896E+19  2.9948E-06    0.1388   -0.1079    0.1224  304.1662
     5   0.0900  5.9779E+19  2.9890E-06   -0.1823   -0.4204    0.1195  303.5322
     6   0.1100  5.9782E+19  2.9891E-06   -0.0272   -0.3919   -0.5149  303.3174
     7   0.1300  5.9577E+19  2.9788E-06   -0.0777   -0.6910   -0.0713  304.4320
     8   0.1500  5.9685E+19  2.9843E-06   -0.0124    0.1438    0.0437  304.2770
     9   0.1700  5.9695E+19  2.9848E-06    0.1278    0.1351   -0.0660  303.0853
    10   0.1900  6.0099E+19  3.0049E-06    0.1144    0.2715   -0.1683  303.0589
    11   0.2100  5.9768E+19  2.9884E-06   -0.1000    0.2916    0.1893  303.6079
    12   0.2300  5.9798E+19  2.9899E-06    0.3344    0.2814   -0.4538  302.8127
    13   0.2500  5.9582E+19  2.9791E-06    0.4119   -0.1617   -1.0445  303.8614
    14   0.2700  5.9610E+19  2.9805E-06    0.2332   -0.5450   -0.2243  304.4325
    15   0.2900  5.9798E+19  2.9899E-06   -0.0020   -0.2006   -0.2335  303.1786
    16   0.3100  6.0025E+19  3.0012E-06   -0.2810   -0.2527   -0.3657  302.8135
    17   0.3300  5.9702E+19  2.9851E-06    0.0686    0.2084   -0.3709  303.4036
    18   0.3500  5.9762E+19  2.9881E-06    0.1720    0.4782   -0.8538  304.2462
    19   0.3700  5.9851E+19  2.9925E-06   -0.0789    0.1364   -0.3230  303.9330
    20   0.3900  5.9890E+19  2.9945E-06    0.5280   -0.1775   -0.0945  304.1972
    21   0.4100  5.9882E+19  2.9941E-06   -0.4296   -0.0772   -0.1795  305.1838
    22   0.4300  5.9811E+19  2.9905E-06    0.2605   -0.0295   -0.3857  303.8911
    23   0.4500  5.9905E+19  2.9953E-06    0.1424   -0.4372   -0.3709  303.9034
    24   0.4700  6.0127E+19  3.0063E-06   -0.7806    1.0836    0.1759  303.3150
    25   0.4900  5.9885E+19  2.9942E-06    0.4559    0.1896   -0.2913  302.7569
    26   0.5100  6.0024E+19  3.0012E-06    0.0002    0.1111    0.3485  302.9378
    27   0.5300  5.9939E+19  2.9970E-06    0.1687    0.1822    0.0980  303.5590
    28   0.5500  6.0335E+19  3.0168E-06   -0.1066    0.2750    0.1094  303.5583
    29   0.5700  6.0193E+19  3.0096E-06   -0.1225    0.5728    0.0940  303.5167
    30   0.5900  6.0379E+19  3.0190E-06    0.5165   -0.0173   -0.1399  303.0779
    31   0.6100  6.0238E+19  3.0119E-06   -0.0767   -0.1630   -0.1771  303.3976
    32   0.6300  6.0360E+19  3.0180E-06    0.3142    0.5082    0.3756  303.3049
    33   0.6500  5.9871E+19  2.9936E-06   -0.0283   -0.2727    0.1299  304.7686
    34   0.6700  5.9823E+19  2.9911E-06    0.0490    0.1156    0.6451  303.9876
    35   0.6900  5.9754E+19  2.9877E-06   -0.1250    0.3129    0.5239  303.9530
    36   0.7100  5.9882E+19  2.9941E-06    0.4292    0.4104    0.1458  304.9081
    37   0.7300  5.9975E+19  2.9988E-06   -0.2095   -0.1334    0.4276  304.2151
    38   0.7500  6.0191E+19  3.0096E-06   -0.0560   -0.0207    0.1077  304.3408
    39   0.7700  6.0129E+19  3.0064E-06    0.4576    0.5516   -0.4430  304.5981
    40   0.7900  5.9924E+19  2.9962E-06   -0.0641    0.1185    0.7407  304.0179
    41   0.8100  6.0170E+19  3.0085E-06   -0.0902   -0.2907    0.1429  304.0017
    42   0.8300  5.9998E+19  2.9999E-06   -0.0149   -0.3801    0.0363  305.2816
    43   0.8500  6.0049E+19  3.0025E-06   -0.2176   -0.1494    0.2749  304.3941
    44   0.8700  5.9863E+19  2.9932E-06    0.3132    0.2032    0.3317  304.4477
    45   0.8900  6.0265E+19  3.0133E-06    0.1093   -0.2438    0.0051  303.3493
    46   0.9100  6.0257E+19  3.0128E-06   -0.1123    0.0073   -0.2513  303.8523
    47   0.9300  6.0458E+19  3.0229E-06    0.1021   -0.1299   -0.4192  303.0667
    48   0.9500  6.0501E+19  3.0251E-06    0.3205   -0.1688    0.2986  303.0982
    49   0.9700  6.0468E+19  3.0234E-06   -0.0048   -0.1142   -0.0594  303.2586
    50   0.9900  6.0528E+19  3.0264E-06   -0.4765    0.0837   -0.3512  303.5905

  SPECIES            2
  CELL   X COORD      N DENS     DENSITY U DIF VEL V DIF VEL W DIF VEL      TEMP 
     1   0.0100  1.9756E+19  8.8902E-07   -0.5863   -0.3447    0.2969  303.1552
     2   0.0300  1.9831E+19  8.9238E-07   -0.2230   -0.2267    1.2823  301.9067
     3   0.0500  2.0048E+19  9.0218E-07    0.7140    0.9697    0.5977  302.8214
     4   0.0700  2.0117E+19  9.0525E-07   -0.9263    0.6107   -0.6870  301.7152
     5   0.0900  2.0060E+19  9.0270E-07    0.4168    0.8312   -1.3320  302.1045
     6   0.1100  2.0120E+19  9.0542E-07    0.1929    0.2411    1.5962  302.1400
     7   0.1300  1.9740E+19  8.8831E-07   -0.3109    1.7581    1.2530  302.8153
     8   0.1500  1.9863E+19  8.9386E-07   -0.3958    0.0520   -0.4420  304.4551
     9   0.1700  1.9986E+19  8.9938E-07   -0.3887    0.8063    0.0853  302.6484
    10   0.1900  2.0104E+19  9.0469E-07    0.1382   -0.7002    0.2613  302.7378
    11   0.2100  2.0082E+19  9.0369E-07    0.2138    0.1142    0.0232  302.4388
    12   0.2300  2.0035E+19  9.0155E-07   -0.8566   -0.8793    0.0464  300.9484
    13   0.2500  2.0065E+19  9.0294E-07   -0.4811   -0.0838    0.9700  303.3954
    14   0.2700  2.0097E+19  9.0436E-07   -0.7025    1.3388   -0.5803  304.0825
    15   0.2900  2.0031E+19  9.0142E-07    0.2060    1.1897    1.4655  302.2023
    16   0.3100  2.0081E+19  9.0364E-07    1.6135    0.1281   -0.3733  304.5066
    17   0.3300  2.0041E+19  9.0186E-07   -0.2616   -1.3941    1.5585  305.6788
    18   0.3500  2.0159E+19  9.0716E-07   -1.2213   -0.3039    1.9479  302.7143
    19   0.3700  1.9968E+19  8.9858E-07   -0.1045   -0.5664    0.9261  304.6519
    20   0.3900  2.0082E+19  9.0369E-07   -0.3008    0.8649    0.7823  305.4001
    21   0.4100  2.0037E+19  9.0168E-07   -0.1213    1.1527    0.7121  305.0507
    22   0.4300  2.0000E+19  9.0002E-07   -1.1888   -0.8890    1.0196  305.1926
    23   0.4500  2.0061E+19  9.0273E-07   -0.3193    0.8802   -0.0541  302.1402
    24   0.4700  2.0084E+19  9.0378E-07    1.5330   -2.0118   -0.4563  302.8755
    25   0.4900  2.0142E+19  9.0640E-07   -0.4180   -1.3894    0.6151  303.5307
    26   0.5100  2.0080E+19  9.0361E-07   -0.1033   -1.1636   -0.6031  302.5196
    27   0.5300  2.0031E+19  9.0141E-07   -0.7153   -0.7898   -0.5545  302.7505
    28   0.5500  1.9945E+19  8.9753E-07    0.3954    0.6518    0.5285  303.8379
    29   0.5700  2.0090E+19  9.0405E-07   -1.3140   -1.4620    0.8971  303.9308
    30   0.5900  1.9972E+19  8.9872E-07   -1.1844    0.8535    0.9723  302.5819
    31   0.6100  1.9870E+19  8.9414E-07    0.5092    1.5448    0.8966  301.0076
    32   0.6300  1.9912E+19  8.9603E-07   -0.5372   -0.6299   -0.5079  302.6190
    33   0.6500  2.0098E+19  9.0442E-07   -0.0024    0.5782   -0.1747  303.3347
    34   0.6700  2.0218E+19  9.0981E-07   -0.0634    0.7156    0.0000  303.2027
    35   0.6900  2.0253E+19  9.1141E-07   -0.2807   -1.3211   -1.3647  305.6131
    36   0.7100  2.0049E+19  9.0221E-07   -1.1484   -0.5709   -0.5021  303.2577
    37   0.7300  1.9919E+19  8.9634E-07    0.9296   -1.4148   -0.6341  305.8182
    38   0.7500  1.9869E+19  8.9408E-07    0.6829    0.1185   -0.9600  305.3571
    39   0.7700  1.9714E+19  8.8711E-07   -1.2835   -2.1547    0.1605  304.8528
    40   0.7900  1.9855E+19  8.9350E-07    0.3700    0.2121   -1.2658  302.7770
    41   0.8100  1.9912E+19  8.9604E-07    0.0500    0.2029   -0.5325  304.2312
    42   0.8300  1.9938E+19  8.9720E-07   -1.0387    0.9603   -0.7817  305.2868
    43   0.8500  1.9841E+19  8.9282E-07    1.1262    0.6536   -0.0061  304.8584
    44   0.8700  1.9964E+19  8.9836E-07   -0.0359    0.5033   -0.9933  304.1967
    45   0.8900  1.9908E+19  8.9587E-07   -0.8811    0.2176    0.0996  304.4084
    46   0.9100  1.9901E+19  8.9554E-07    0.4248   -0.5252    0.4396  302.6170
    47   0.9300  1.9963E+19  8.9831E-07    0.1478    0.5218    0.7954  301.7138
    48   0.9500  2.0077E+19  9.0348E-07   -0.3698   -0.1858   -0.8437  303.1223
    49   0.9700  2.0128E+19  9.0577E-07    0.7163    0.5407    0.7154  302.7312
    50   0.9900  1.9901E+19  8.9554E-07    1.3599   -0.8374    1.6434  303.8396

  SPECIES            3
  CELL   X COORD      N DENS     DENSITY U DIF VEL V DIF VEL W DIF VEL      TEMP 
     1   0.0100  1.0292E+19  2.5729E-07   -1.8772   -0.8496   -2.0589  304.8272
     2   0.0300  1.0240E+19  2.5599E-07    3.1250    0.7142    2.6179  301.9043
     3   0.0500  1.0242E+19  2.5604E-07   -1.6890   -2.7869    1.9835  301.9733
     4   0.0700  1.0229E+19  2.5573E-07    0.0293   -2.0588    1.8010  302.3476
     5   0.0900  1.0256E+19  2.5639E-07    0.8869   -0.2079    2.4896  304.6194
     6   0.1100  1.0151E+19  2.5377E-07   -1.8296   -2.1342    0.6573  302.1208
     7   0.1300  1.0244E+19  2.5609E-07    3.6569    1.1072   -2.9704  301.4090
     8   0.1500  1.0203E+19  2.5507E-07    0.6571    0.3383    1.2048  303.7512
     9   0.1700  1.0262E+19  2.5656E-07    0.2558   -3.4868   -2.7163  303.0025
    10   0.1900  1.0171E+19  2.5429E-07    0.5063   -0.5962    0.3659  302.3521
    11   0.2100  1.0209E+19  2.5522E-07   -2.0426   -3.4311   -0.5523  303.0415
    12   0.2300  1.0193E+19  2.5482E-07    0.1418   -0.2474    2.9841  302.4665
    13   0.2500  1.0249E+19  2.5623E-07   -2.8220    2.4925    5.0767  302.0863
    14   0.2700  1.0213E+19  2.5532E-07   -0.2886    3.1401    2.9703  303.0868
    15   0.2900  1.0240E+19  2.5600E-07    2.2513   -1.0858   -1.1450  302.6856
    16   0.3100  1.0218E+19  2.5544E-07   -2.4133    2.5041    3.0413  300.8228
    17   0.3300  1.0102E+19  2.5255E-07   -2.7118    1.0702   -1.4029  304.0951
    18   0.3500  1.0120E+19  2.5301E-07   -0.4259   -2.4136   -0.4397  303.2705
    19   0.3700  1.0070E+19  2.5175E-07    2.9157    1.3339    2.0622  300.1203
    20   0.3900  1.0136E+19  2.5339E-07   -2.9595    1.7187   -0.0040  303.7798
    21   0.4100  1.0070E+19  2.5176E-07    2.8026   -1.1114    2.3973  303.9274
    22   0.4300  1.0017E+19  2.5043E-07    0.0459    2.6883    1.8166  303.2605
    23   0.4500  1.0123E+19  2.5308E-07   -1.4289   -0.2865    2.6064  307.5097
    24   0.4700  1.0118E+19  2.5295E-07    2.8502   -2.9695   -1.8120  301.9084
    25   0.4900  1.0197E+19  2.5491E-07   -2.4205    1.9247    0.0703  302.1721
    26   0.5100  1.0098E+19  2.5244E-07    1.6102    3.6323   -2.4829  304.8406
    27   0.5300  1.0052E+19  2.5130E-07   -0.2715    0.9214    2.4665  305.2952
    28   0.5500  1.0049E+19  2.5124E-07    0.7728   -1.4127   -3.7392  300.7733
    29   0.5700  1.0055E+19  2.5137E-07    2.8030   -1.0979   -2.1285  303.0438
    30   0.5900  9.9620E+18  2.4905E-07   -1.6497   -2.5581   -0.7460  302.0998
    31   0.6100  9.9060E+18  2.4765E-07    0.3551   -2.7702   -2.7054  302.7785
    32   0.6300  9.8742E+18  2.4686E-07   -2.7579   -1.7501   -2.4744  302.4289
    33   0.6500  9.7918E+18  2.4479E-07   -0.5372   -0.2053    1.3787  304.7755
    34   0.6700  9.7667E+18  2.4417E-07   -1.9701   -3.5571   -5.3795  305.2487
    35   0.6900  9.8093E+18  2.4523E-07    0.6836    1.6553   -1.5927  303.9182
    36   0.7100  9.8273E+18  2.4568E-07    0.3318   -4.0108    1.5773  303.1518
    37   0.7300  9.7123E+18  2.4281E-07   -1.3557    2.1385   -3.6304  304.6565
    38   0.7500  9.6642E+18  2.4161E-07   -3.0392   -0.9284    4.1901  307.4481
    39   0.7700  9.7120E+18  2.4280E-07   -0.9478    3.0796    1.9070  308.3922
    40   0.7900  9.6735E+18  2.4184E-07    0.7348   -0.5480   -1.2072  306.5387
    41   0.8100  9.6733E+18  2.4183E-07    1.7807    1.3894   -1.3908  305.5806
    42   0.8300  9.7225E+18  2.4306E-07    1.8265   -1.7368   -0.7671  305.7101
    43   0.8500  9.6740E+18  2.4185E-07   -2.9776   -4.6923   -2.6326  304.6436
    44   0.8700  9.8477E+18  2.4619E-07   -0.4617   -0.3011   -1.1355  303.0822
    45   0.8900  9.8677E+18  2.4669E-07    2.6710    0.4271    0.9989  302.7841
    46   0.9100  9.8287E+18  2.4572E-07   -0.6547   -1.2400    0.5317  300.9906
    47   0.9300  9.7230E+18  2.4307E-07   -0.3890   -1.0347    1.5644  305.9837
    48   0.9500  9.7563E+18  2.4391E-07   -0.2463    0.1149    0.9959  306.8011
    49   0.9700  9.7043E+18  2.4261E-07   -2.0024    0.7293    1.7636  303.9136
    50   0.9900  9.6862E+18  2.4216E-07    0.5127   -0.8231    0.4339  305.4012

  SPECIES            4
  CELL   X COORD      N DENS     DENSITY U DIF VEL V DIF VEL W DIF VEL      TEMP 
     1   0.0100  7.9083E+18  1.5816E-07   -1.2059    2.7453    1.8562  301.7607
     2   0.0300  7.9582E+18  1.5916E-07   -0.4156    0.8113    3.7521  303.0190
     3   0.0500  7.9860E+18  1.5972E-07    2.5962   -0.6763    0.8006  305.9687
     4   0.0700  8.0542E+18  1.6108E-07    1.5782    1.8661    0.4581  301.9858
     5   0.0900  8.0427E+18  1.6085E-07    0.7876    0.9333    1.2180  300.3337
     6   0.1100  8.1642E+18  1.6328E-07    1.7713    5.5528   -0.1102  302.7319
     7   0.1300  8.2003E+18  1.6401E-07   -3.3637    0.0595   -0.3678  300.2026
     8   0.1500  8.2212E+18  1.6442E-07    0.9831   -1.6826   -1.3280  300.1627
     9   0.1700  8.1085E+18  1.6217E-07   -0.5029    0.6505    4.4329  301.7554
    10   0.1900  8.0255E+18  1.6051E-07   -1.1926    0.5644    1.2720  304.8109
    11   0.2100  8.0990E+18  1.6198E-07   -0.9070   -2.9369   -0.6745  302.5457
    12   0.2300  7.9692E+18  1.5938E-07    0.3170    1.0225    2.9555  303.9344
    13   0.2500  7.9578E+18  1.5915E-07    0.4469    1.0571    3.3186  304.5012
    14   0.2700  8.0652E+18  1.6130E-07   -0.8087    0.6390    2.5135  300.6469
    15   0.2900  8.0380E+18  1.6076E-07   -5.9851    0.9245   -1.8698  301.2154
    16   0.3100  7.8728E+18  1.5746E-07    2.3814    0.7711    0.0168  302.9132
    17   0.3300  7.9598E+18  1.5919E-07    6.4953    2.4484    1.1373  305.3044
    18   0.3500  7.9022E+18  1.5804E-07    1.4860   -1.3592    6.9990  303.7910
    19   0.3700  7.9223E+18  1.5845E-07   -2.2769   -4.4651   -0.2285  302.6594
    20   0.3900  7.8885E+18  1.5777E-07   -1.1993    0.0261   -2.2178  303.5164
    21   0.4100  7.8592E+18  1.5718E-07    1.4297   -4.8367   -3.3114  305.8338
    22   0.4300  7.8107E+18  1.5621E-07    3.8123    1.0305    0.1458  304.0935
    23   0.4500  7.9047E+18  1.5809E-07    2.0108    2.2454    1.6186  304.7377
    24   0.4700  7.9173E+18  1.5835E-07   -0.4341   -2.1273    1.8872  304.2868
    25   0.4900  7.9165E+18  1.5833E-07   -1.9733    1.8273    2.8673  302.8946
    26   0.5100  7.8598E+18  1.5720E-07   -1.7816   -2.0019    0.7492  302.5934
    27   0.5300  7.8882E+18  1.5777E-07    0.6954   -2.7198   -0.1698  301.1241
    28   0.5500  7.9467E+18  1.5893E-07    0.1283   -3.8606    2.3336  303.8906
    29   0.5700  7.8980E+18  1.5796E-07    0.8901   -2.2268    0.2131  304.0319
    30   0.5900  7.9005E+18  1.5801E-07   -0.4029   -3.6354   -0.2263  302.2065
    31   0.6100  8.0362E+18  1.6072E-07   -0.5313   -2.0974    1.2178  302.6473
    32   0.6300  8.0110E+18  1.6022E-07    1.9608   -1.5389   -0.4628  303.3613
    33   0.6500  8.0180E+18  1.6036E-07    0.4414    0.1270   -5.5562  305.0496
    34   0.6700  8.0927E+18  1.6185E-07    0.2740    0.1450   -2.9320  302.4948
    35   0.6900  8.0615E+18  1.6123E-07    2.3155    0.4862   -0.1320  302.8152
    36   0.7100  8.0465E+18  1.6093E-07   -1.3868    0.5635    1.2058  303.6531
    37   0.7300  8.0708E+18  1.6142E-07    1.9316    7.3009    1.4479  304.1251
    38   0.7500  8.0425E+18  1.6085E-07    0.5897    2.6192   -1.4475  304.3738
    39   0.7700  8.1415E+18  1.6283E-07    0.8045   -4.3400    5.4239  302.8615
    40   0.7900  8.1732E+18  1.6347E-07   -2.2849   -2.3485   -0.1420  304.2788
    41   0.8100  8.0910E+18  1.6182E-07   -1.2465   -0.4065    2.1008  304.5987
    42   0.8300  8.0420E+18  1.6084E-07    3.5012    2.6384    5.1492  306.4926
    43   0.8500  8.0842E+18  1.6168E-07    0.7824    4.0402   -1.8615  303.6783
    44   0.8700  8.0650E+18  1.6130E-07   -3.1048   -5.5536    0.1552  304.3356
    45   0.8900  7.9758E+18  1.5951E-07    0.8683    0.7446   -1.4551  304.6006
    46   0.9100  8.0472E+18  1.6094E-07   -0.4650    4.2239    1.2407  308.0771
    47   0.9300  7.9742E+18  1.5948E-07   -0.9548   -0.7023    4.5483  304.1450
    48   0.9500  7.9107E+18  1.5821E-07   -3.6041    4.5664    1.0714  302.1111
    49   0.9700  7.9133E+18  1.5826E-07    0.6907   -1.9953   -4.0874  303.1449
    50   0.9900  7.9568E+18  1.5913E-07   -1.5547    3.1366   -2.3723  304.7162

  SPECIES            5
  CELL   X COORD      N DENS     DENSITY U DIF VEL V DIF VEL W DIF VEL      TEMP 
     1   0.0100  1.8790E+18  7.5160E-08   -1.5743   -2.4348   -3.1255  304.8175
     2   0.0300  1.9002E+18  7.6010E-08   -0.6777   -4.0973   -1.9587  299.0506
     3   0.0500  1.9030E+18  7.6120E-08   -2.8268    0.3389   -5.4712  304.8331
     4   0.0700  1.9348E+18  7.7390E-08    2.0844   -0.0485   -3.6065  301.2915
     5   0.0900  1.9900E+18  7.9600E-08   -2.3312    5.1429    0.1394  301.5013
     6   0.1100  2.0035E+18  8.0140E-08    1.0185    7.3382   -0.6874  301.9106
     7   0.1300  2.0323E+18  8.1290E-08    1.5120    2.5027   -0.9807  303.6462
     8   0.1500  2.0225E+18  8.0900E-08    0.7616   -3.5249    2.1735  309.1269
     9   0.1700  2.0185E+18  8.0740E-08   -0.1988   -4.2020    1.2158  302.0436
    10   0.1900  2.0118E+18  8.0470E-08   -5.0447   -1.5090   -0.3476  297.2269
    11   0.2100  2.0185E+18  8.0740E-08    9.5842    4.6654   -4.1691  304.5675
    12   0.2300  1.9628E+18  7.8510E-08   -4.0015   -1.8925    1.0633  301.6354
    13   0.2500  2.0027E+18  8.0110E-08   -1.7586   -3.1155    5.0779  302.8396
    14   0.2700  1.9990E+18  7.9960E-08    1.8070   -6.1438    0.3690  304.1563
    15   0.2900  2.0180E+18  8.0720E-08    2.5519   -4.2521   -0.3628  301.6226
    16   0.3100  1.9942E+18  7.9770E-08   -4.6780   -1.4828    8.2157  302.4327
    17   0.3300  2.0310E+18  8.1240E-08   -3.9132   -0.3056   -1.5389  308.9768
    18   0.3500  2.0335E+18  8.1340E-08    5.7393   -4.0272   -2.5909  308.1360
    19   0.3700  2.0197E+18  8.0790E-08   -0.5343    5.8489   -4.3125  304.7334
    20   0.3900  2.0550E+18  8.2200E-08   -4.5024   -8.3911   -0.8894  305.8616
    21   0.4100  2.0282E+18  8.1130E-08    5.7376    2.8588   -2.3141  300.4549
    22   0.4300  1.9907E+18  7.9630E-08   -3.9712    0.6782   -3.0392  307.1049
    23   0.4500  1.9495E+18  7.7980E-08   -1.2113    2.9834    3.1315  301.9178
    24   0.4700  1.9917E+18  7.9670E-08    3.8783   -4.4130    0.5404  306.3217
    25   0.4900  2.0118E+18  8.0470E-08   -0.7058   -1.0974   -1.9541  299.9639
    26   0.5100  2.0177E+18  8.0710E-08   -0.4172    1.4344    0.0986  299.3569
    27   0.5300  1.9960E+18  7.9840E-08    1.2238    4.5522   -4.8466  303.4333
    28   0.5500  1.9962E+18  7.9850E-08   -3.1021   -5.5881   -2.9542  304.9892
    29   0.5700  2.0058E+18  8.0230E-08    8.8654    2.8125   -7.3836  300.4161
    30   0.5900  1.9825E+18  7.9300E-08   -0.2564    6.2631   -2.9009  300.8555
    31   0.6100  1.9935E+18  7.9740E-08   -2.8441    1.6657    2.5817  308.3892
    32   0.6300  1.9910E+18  7.9640E-08   -1.2598   -3.6497    0.0832  302.8522
    33   0.6500  2.0007E+18  8.0030E-08    1.8432    4.0392    4.0294  305.9238
    34   0.6700  1.9982E+18  7.9930E-08    4.3491   -1.8965   -1.7707  298.0188
    35   0.6900  2.0068E+18  8.0270E-08    1.1001   -2.6802    1.1240  305.6203
    36   0.7100  1.9435E+18  7.7740E-08   -1.3821    2.3274   -7.2677  306.6509
    37   0.7300  1.9792E+18  7.9170E-08   -2.3692   -0.3705   -0.8336  299.5692
    38   0.7500  1.9905E+18  7.9620E-08    2.4800   -3.0235   -3.0825  308.9840
    39   0.7700  1.9942E+18  7.9770E-08   -1.7320    2.6587   -1.9634  301.2621
    40   0.7900  1.9875E+18  7.9500E-08    0.7216   -0.3538   -9.7242  310.0665
    41   0.8100  1.9833E+18  7.9330E-08   -0.0300    5.3260    0.5497  307.5805
    42   0.8300  1.9952E+18  7.9810E-08   -0.3826    3.4647   -0.6166  303.1544
    43   0.8500  2.0550E+18  8.2200E-08    2.9373    4.2146    1.4335  304.9377
    44   0.8700  2.0100E+18  8.0400E-08   -3.6156   -1.1240    1.9164  302.3153
    45   0.8900  2.0015E+18  8.0060E-08   -4.2135    3.9397   -1.4846  305.3636
    46   0.9100  2.0737E+18  8.2950E-08    2.3334    0.8825    0.4006  303.4346
    47   0.9300  2.0303E+18  8.1210E-08   -2.3937    3.5403   -6.8093  299.4958
    48   0.9500  2.0407E+18  8.1630E-08   -0.0609   -0.8835   -6.7785  305.2057
    49   0.9700  2.0517E+18  8.2070E-08   -3.1408   -0.0680   -3.0375  306.7245
    50   0.9900  2.0730E+18  8.2920E-08    4.1893    2.3721   -1.6457  304.1447

  AVERAGE TEMPERATURE    303.65302    

  COLLISIONS:-
   17627348.    6942336.    3107895.    2686098.     716152.
    6942336.    2689322.    1223341.    1051418.     279042.
    3107895.    1223341.     501486.     430719.     124783.
    2686098.    1051418.     430719.     360922.     107131.
     716152.     279042.     124783.     107131.      27194.

  RATIO OF COLLISION NUMBER TO THEORETICAL VALUE

  0.999319  1.001099  1.001056  1.001269  1.000325
  1.001099  0.996644  1.000909  0.998090  1.003234
  1.001056  1.000909  0.985047  0.997071  0.998892
  1.001269  0.998090  0.997071  0.990779  0.997963
  1.000325  1.003234  0.998892  0.997963  0.950154
